[PREINITIALIZATION][CLIENT][INFO] Current loaders after merging: [[preinit]]
[PREINITIALIZATION][CLIENT][INFO] Loading scripts for loader with names [preinit]
[PREINITIALIZATION][CLIENT][INFO] [preinit | SIDE_CLIENT]: Skipping file {[10:crafttweaker]: ResearchDataInit.zs} as we are currently loading with a different loader
[PREINITIALIZATION][CLIENT][INFO] [preinit | SIDE_CLIENT]: Skipping file {[0:crafttweaker]: Basic_Research_Computer_Recipes.zs} as we are currently loading with a different loader
[PREINITIALIZATION][CLIENT][INFO] [preinit | SIDE_CLIENT]: Skipping file {[0:crafttweaker]: LV_Research_Data.zs} as we are currently loading with a different loader
[PREINITIALIZATION][CLIENT][INFO] Completed script loading in: 1ms
[PREINITIALIZATION][CLIENT][INFO] Current loaders after merging: [[preinit], [contenttweaker]]
[PREINITIALIZATION][CLIENT][INFO] Loading scripts for loader with names [contenttweaker]
[PREINITIALIZATION][CLIENT][INFO] [contenttweaker | SIDE_CLIENT]: Skipping file {[10:crafttweaker]: ResearchDataInit.zs} as we are currently loading with a different loader
[PREINITIALIZATION][CLIENT][INFO] [contenttweaker | SIDE_CLIENT]: Skipping file {[0:crafttweaker]: Basic_Research_Computer_Recipes.zs} as we are currently loading with a different loader
[PREINITIALIZATION][CLIENT][INFO] [contenttweaker | SIDE_CLIENT]: Skipping file {[0:crafttweaker]: LV_Research_Data.zs} as we are currently loading with a different loader
[PREINITIALIZATION][CLIENT][INFO] Completed script loading in: 0ms
[PREINITIALIZATION][CLIENT][INFO] Current loaders after merging: [[preinit], [contenttweaker], [gregtech]]
[PREINITIALIZATION][CLIENT][INFO] Loading scripts for loader with names [gregtech]
[PREINITIALIZATION][CLIENT][INFO] [gregtech | SIDE_CLIENT]: Skipping file {[10:crafttweaker]: ResearchDataInit.zs} as we are currently loading with a different loader
[PREINITIALIZATION][CLIENT][INFO] [gregtech | SIDE_CLIENT]: Skipping file {[0:crafttweaker]: Basic_Research_Computer_Recipes.zs} as we are currently loading with a different loader
[PREINITIALIZATION][CLIENT][INFO] [gregtech | SIDE_CLIENT]: Skipping file {[0:crafttweaker]: LV_Research_Data.zs} as we are currently loading with a different loader
[PREINITIALIZATION][CLIENT][INFO] Completed script loading in: 0ms
[INITIALIZATION][CLIENT][INFO] CraftTweaker: Building registry
[INITIALIZATION][CLIENT][INFO] CraftTweaker: Successfully built item registry
[INITIALIZATION][CLIENT][INFO] Current loaders after merging: [[preinit], [contenttweaker], [gregtech], [recipeevent | crafttweaker]]
[INITIALIZATION][CLIENT][INFO] Loading scripts for loader with names [crafttweaker | recipeevent]
[INITIALIZATION][CLIENT][INFO] [crafttweaker | SIDE_CLIENT]: Loading Script: {[10:crafttweaker]: ResearchDataInit.zs}
[INITIALIZATION][CLIENT][INFO] [crafttweaker | SIDE_CLIENT]: Loading Script: {[0:crafttweaker]: Basic_Research_Computer_Recipes.zs}
[INITIALIZATION][CLIENT][INFO] [crafttweaker | SIDE_CLIENT]: Loading Script: {[0:crafttweaker]: LV_Research_Data.zs}
[INITIALIZATION][CLIENT][INFO] Completed script loading in: 253ms
[POSTINITIALIZATION][CLIENT][INFO] Removing recipes for various outputs
[AVAILABLE][CLIENT][INFO] Fixed the RecipeBook
[SERVER_STARTED][SERVER][INFO] Loading scripts for loader with names [preinit]
[SERVER_STARTED][SERVER][INFO] Completed script loading in: 0ms
[SERVER_STARTED][SERVER][INFO] Loading scripts for loader with names [contenttweaker]
[SERVER_STARTED][SERVER][INFO] Completed script loading in: 0ms
[SERVER_STARTED][SERVER][INFO] Loading scripts for loader with names [gregtech]
[SERVER_STARTED][SERVER][INFO] Completed script loading in: 0ms
[SERVER_STARTED][SERVER][INFO] Loading scripts for loader with names [crafttweaker | recipeevent]
[SERVER_STARTED][SERVER][INFO] [crafttweaker | SIDE_CLIENT]: Loading Script: {[10:crafttweaker]: ResearchDataInit.zs}
[SERVER_STARTED][SERVER][INFO] [crafttweaker | SIDE_CLIENT]: Loading Script: {[0:crafttweaker]: Basic_Research_Computer_Recipes.zs}
[SERVER_STARTED][SERVER][INFO] [crafttweaker | SIDE_CLIENT]: Loading Script: {[0:crafttweaker]: LV_Research_Data.zs}
[SERVER_STARTED][SERVER][ERROR] [crafttweaker | SIDE_CLIENT]: Error parsing LV_Research_Data.zs:16 -- : expected
[SERVER_STARTED][SERVER][INFO] Completed script loading in: 4ms
[SERVER_STARTED][SERVER][INFO] Loading scripts for loader with names [preinit]
[SERVER_STARTED][SERVER][INFO] Completed script loading in: 0ms
[SERVER_STARTED][SERVER][INFO] Loading scripts for loader with names [contenttweaker]
[SERVER_STARTED][SERVER][INFO] Completed script loading in: 0ms
[SERVER_STARTED][SERVER][INFO] Loading scripts for loader with names [gregtech]
[SERVER_STARTED][SERVER][INFO] Completed script loading in: 0ms
[SERVER_STARTED][SERVER][INFO] Loading scripts for loader with names [crafttweaker | recipeevent]
[SERVER_STARTED][SERVER][INFO] [crafttweaker | SIDE_CLIENT]: Loading Script: {[10:crafttweaker]: ResearchDataInit.zs}
[SERVER_STARTED][SERVER][INFO] [crafttweaker | SIDE_CLIENT]: Loading Script: {[0:crafttweaker]: Basic_Research_Computer_Recipes.zs}
[SERVER_STARTED][SERVER][INFO] [crafttweaker | SIDE_CLIENT]: Loading Script: {[0:crafttweaker]: LV_Research_Data.zs}
[SERVER_STARTED][SERVER][ERROR] [crafttweaker | SIDE_CLIENT]: Error parsing LV_Research_Data.zs:41 -- identifier expected
[SERVER_STARTED][SERVER][INFO] Completed script loading in: 6ms
[SERVER_STARTED][SERVER][INFO] Loading scripts for loader with names [preinit]
[SERVER_STARTED][SERVER][INFO] Completed script loading in: 0ms
[SERVER_STARTED][SERVER][INFO] Loading scripts for loader with names [contenttweaker]
[SERVER_STARTED][SERVER][INFO] Completed script loading in: 0ms
[SERVER_STARTED][SERVER][INFO] Loading scripts for loader with names [gregtech]
[SERVER_STARTED][SERVER][INFO] Completed script loading in: 0ms
[SERVER_STARTED][SERVER][INFO] Loading scripts for loader with names [crafttweaker | recipeevent]
[SERVER_STARTED][SERVER][INFO] [crafttweaker | SIDE_CLIENT]: Loading Script: {[10:crafttweaker]: ResearchDataInit.zs}
[SERVER_STARTED][SERVER][INFO] [crafttweaker | SIDE_CLIENT]: Loading Script: {[0:crafttweaker]: Basic_Research_Computer_Recipes.zs}
[SERVER_STARTED][SERVER][INFO] [crafttweaker | SIDE_CLIENT]: Loading Script: {[0:crafttweaker]: LV_Research_Data.zs}
[SERVER_STARTED][SERVER][ERROR] LV_Research_Data.zs:41 > could not find type RecipeBuilder
[SERVER_STARTED][SERVER][ERROR] LV_Research_Data.zs:12 > cannot cast any[] to crafttweaker.item.IItemStack[string]
[SERVER_STARTED][SERVER][INFO] Completed script loading in: 12ms
[SERVER_STARTED][SERVER][INFO] Loading scripts for loader with names [preinit]
[SERVER_STARTED][SERVER][INFO] Completed script loading in: 0ms
[SERVER_STARTED][SERVER][INFO] Loading scripts for loader with names [contenttweaker]
[SERVER_STARTED][SERVER][INFO] Completed script loading in: 0ms
[SERVER_STARTED][SERVER][INFO] Loading scripts for loader with names [gregtech]
[SERVER_STARTED][SERVER][INFO] Completed script loading in: 0ms
[SERVER_STARTED][SERVER][INFO] Loading scripts for loader with names [crafttweaker | recipeevent]
[SERVER_STARTED][SERVER][INFO] [crafttweaker | SIDE_CLIENT]: Loading Script: {[10:crafttweaker]: ResearchDataInit.zs}
[SERVER_STARTED][SERVER][INFO] [crafttweaker | SIDE_CLIENT]: Loading Script: {[0:crafttweaker]: Basic_Research_Computer_Recipes.zs}
[SERVER_STARTED][SERVER][INFO] [crafttweaker | SIDE_CLIENT]: Loading Script: {[0:crafttweaker]: LV_Research_Data.zs}
[SERVER_STARTED][SERVER][ERROR] LV_Research_Data.zs:12 > cannot cast any[] to crafttweaker.item.IItemStack[string]
[SERVER_STARTED][SERVER][INFO] Completed script loading in: 4ms
[SERVER_STARTED][SERVER][INFO] Loading scripts for loader with names [preinit]
[SERVER_STARTED][SERVER][INFO] Completed script loading in: 0ms
[SERVER_STARTED][SERVER][INFO] Loading scripts for loader with names [contenttweaker]
[SERVER_STARTED][SERVER][INFO] Completed script loading in: 0ms
[SERVER_STARTED][SERVER][INFO] Loading scripts for loader with names [gregtech]
[SERVER_STARTED][SERVER][INFO] Completed script loading in: 0ms
[SERVER_STARTED][SERVER][INFO] Loading scripts for loader with names [crafttweaker | recipeevent]
[SERVER_STARTED][SERVER][INFO] [crafttweaker | SIDE_CLIENT]: Loading Script: {[10:crafttweaker]: ResearchDataInit.zs}
[SERVER_STARTED][SERVER][INFO] [crafttweaker | SIDE_CLIENT]: Loading Script: {[0:crafttweaker]: Basic_Research_Computer_Recipes.zs}
[SERVER_STARTED][SERVER][INFO] [crafttweaker | SIDE_CLIENT]: Loading Script: {[0:crafttweaker]: LV_Research_Data.zs}
[SERVER_STARTED][SERVER][INFO] Completed script loading in: 2ms
