#
# A fatal error has been detected by the Java Runtime Environment:
#
#  EXCEPTION_ACCESS_VIOLATION (0xc0000005) at pc=0x00000000827cfc1c, pid=10416, tid=3568
#
# JRE version: Java(TM) SE Runtime Environment (8.0_51-b16) (build 1.8.0_51-b16)
# Java VM: Java HotSpot(TM) 64-Bit Server VM (25.51-b03 mixed mode windows-amd64 compressed oops)
# Problematic frame:
# J 7760 C2 net.minecraft.client.renderer.BufferBuilder.func_181662_b(DDD)Lnet/minecraft/client/renderer/BufferBuilder; (340 bytes) @ 0x00000000827cfc1c [0x00000000827cf9e0+0x23c]
#
# Failed to write core dump. Minidumps are not enabled by default on client versions of Windows
#
# If you would like to submit a bug report, please visit:
#   http://bugreport.java.com/bugreport/crash.jsp
#

---------------  T H R E A D  ---------------

Current thread (0x0000000003045800):  JavaThread "Client thread" [_thread_in_Java, id=3568, stack(0x0000000002f40000,0x0000000003040000)]

siginfo: ExceptionCode=0xc0000005, reading address 0xffffffffffffffff

Registers:
RAX=0x0000000000000001, RBX=0x0000000653fb7f50, RCX=0x0000000000000000, RDX=0x0000000000000000
RSP=0x000000000303e150, RBP=0x00000000ca014a1a, RSI=0x00000000ca055680, RDI=0x00000006502ab400
R8 =0x0000000000000001, R9 =0x000000000000000a, R10=0x00000000f80542eb, R11=0x000000000000002c
R12=0x0000000000000000, R13=0x0000000002240000, R14=0x000000000303e188, R15=0x0000000003045800
RIP=0x00000000827cfc1c, EFLAGS=0x0000000000010297

Top of Stack: (sp=0x000000000303e150)
0x000000000303e150:   00007ffd38c2dd50 0000000600000008
0x000000000303e160:   4050400000000000 0000000000000000
0x000000000303e170:   0000002800000024 0000000660212398
0x000000000303e180:   000000064b7c0d68 000000065c642660
0x000000000303e190:   000000065c642660 000000020000000a
0x000000000303e1a0:   0000000000000003 000000008435be60
0x000000000303e1b0:   000000913eaaaaab 3f19999a00000041
0x000000000303e1c0:   4018000000000000 0000000660212398
0x000000000303e1d0:   4062200000000000 4050400000000000
0x000000000303e1e0:   4018000000000000 000000020000000e
0x000000000303e1f0:   3fe0000000000000 0000000000000000
0x000000000303e200:   408f400000000000 40a7700000000000
0x000000000303e210:   000000064b183828 0000000087874d44
0x000000000303e220:   0000000200000000 0000008dffffffff
0x000000000303e230:   ff9999990000003d 0000000500000002
0x000000000303e240:   0000000500000005 0000000500000005 

Instructions: (pc=0x00000000827cfc1c)
0x00000000827cfbfc:   00 00 8b 73 14 45 8b 4c f4 0c 41 3b d1 0f 83 66
0x00000000827cfc0c:   03 00 00 49 8d 3c f4 8b 6c 97 10 45 8b 54 ec 08
0x00000000827cfc1c:   41 81 fa eb 42 05 f8 0f 85 5c 06 00 00 4c 8b 54
0x00000000827cfc2c:   24 28 49 8b d2 4d 8d 1c ec 45 8b 53 18 48 c1 ea 


Register to memory mapping:

RAX=0x0000000000000001 is an unknown value
RBX=0x0000000653fb7f50 is an oop
java.util.ArrayList 
 - klass: 'java/util/ArrayList'
RCX=0x0000000000000000 is an unknown value
RDX=0x0000000000000000 is an unknown value
RSP=0x000000000303e150 is pointing into the stack for thread: 0x0000000003045800
RBP=0x00000000ca014a1a is an unknown value
RSI=0x00000000ca055680 is an unknown value
RDI=0x00000006502ab400 is an oop
[Ljava.lang.Object; 
 - klass: 'java/lang/Object'[]
 - length: 10
R8 =0x0000000000000001 is an unknown value
R9 =0x000000000000000a is an unknown value
R10=0x00000000f80542eb is an unknown value
R11=0x000000000000002c is an unknown value
R12=0x0000000000000000 is an unknown value
R13=0x0000000002240000 is an unknown value
R14=0x000000000303e188 is pointing into the stack for thread: 0x0000000003045800
R15=0x0000000003045800 is a thread


Stack: [0x0000000002f40000,0x0000000003040000],  sp=0x000000000303e150,  free space=1016k
Native frames: (J=compiled Java code, j=interpreted, Vv=VM code, C=native code)
C  0x00000000827cfc1c


---------------  P R O C E S S  ---------------

Java Threads: ( => current thread )
  0x000000004e0fb000 JavaThread "Thread-44" [_thread_blocked, id=16968, stack(0x0000000000820000,0x0000000000920000)]
  0x000000004e100800 JavaThread "Chunk I/O Executor Thread-1" daemon [_thread_blocked, id=12000, stack(0x000000005fb60000,0x000000005fc60000)]
  0x000000004e0ff800 JavaThread "Chunk Batcher 15" daemon [_thread_blocked, id=14716, stack(0x000000005e120000,0x000000005e220000)]
  0x000000004e0ff000 JavaThread "Chunk Batcher 14" daemon [_thread_blocked, id=5248, stack(0x000000005e020000,0x000000005e120000)]
  0x000000004e0fc800 JavaThread "Chunk Batcher 13" daemon [_thread_blocked, id=16700, stack(0x000000005df20000,0x000000005e020000)]
  0x000000004e0fd800 JavaThread "Chunk Batcher 12" daemon [_thread_blocked, id=2164, stack(0x000000005dce0000,0x000000005dde0000)]
  0x000000004e0fe000 JavaThread "Chunk Batcher 11" daemon [_thread_blocked, id=4700, stack(0x000000005dbe0000,0x000000005dce0000)]
  0x000000004e0f3800 JavaThread "Chunk Batcher 10" daemon [_thread_blocked, id=10620, stack(0x000000005dae0000,0x000000005dbe0000)]
  0x000000004e0fa800 JavaThread "Chunk Batcher 9" daemon [_thread_blocked, id=18708, stack(0x000000005d9e0000,0x000000005dae0000)]
  0x000000004e0f3000 JavaThread "Chunk Batcher 8" daemon [_thread_blocked, id=19916, stack(0x000000005d8e0000,0x000000005d9e0000)]
  0x000000004e0f9800 JavaThread "Chunk Batcher 7" daemon [_thread_blocked, id=17452, stack(0x000000005d7e0000,0x000000005d8e0000)]
  0x000000004e0f7800 JavaThread "Chunk Batcher 6" daemon [_thread_blocked, id=22304, stack(0x000000005d6e0000,0x000000005d7e0000)]
  0x000000004e0f6800 JavaThread "Chunk Batcher 5" daemon [_thread_blocked, id=10368, stack(0x000000005d5e0000,0x000000005d6e0000)]
  0x000000004e0f2000 JavaThread "Chunk Batcher 4" daemon [_thread_blocked, id=18176, stack(0x000000005d4e0000,0x000000005d5e0000)]
  0x000000004e0f9000 JavaThread "Chunk Batcher 3" daemon [_thread_blocked, id=13676, stack(0x000000005d3e0000,0x000000005d4e0000)]
  0x000000004e0f1800 JavaThread "Chunk Batcher 2" daemon [_thread_blocked, id=17500, stack(0x000000005d2e0000,0x000000005d3e0000)]
  0x000000004e0f6000 JavaThread "Chunk Batcher 1" daemon [_thread_blocked, id=15024, stack(0x000000005d1e0000,0x000000005d2e0000)]
  0x000000004e0f5000 JavaThread "Chunk Batcher 0" daemon [_thread_blocked, id=4116, stack(0x00000000589c0000,0x0000000058ac0000)]
  0x000000004e0f4800 JavaThread "Netty Server IO #1" daemon [_thread_in_native, id=11728, stack(0x0000000052e80000,0x0000000052f80000)]
  0x00000000105fb800 JavaThread "Netty Local Client IO #0" daemon [_thread_blocked, id=2812, stack(0x0000000052d80000,0x0000000052e80000)]
  0x00000000187fe800 JavaThread "Netty Server IO #0" daemon [_thread_in_native, id=19004, stack(0x0000000052980000,0x0000000052a80000)]
  0x0000000011f11000 JavaThread "File IO Thread" [_thread_blocked, id=2920, stack(0x0000000048a60000,0x0000000048b60000)]
  0x0000000011f09800 JavaThread "Thread-41" [_thread_blocked, id=14372, stack(0x000000002aa60000,0x000000002ab60000)]
  0x0000000012079800 JavaThread "Thread-33" [_thread_blocked, id=20744, stack(0x0000000029f60000,0x000000002a060000)]
  0x0000000012078800 JavaThread "pool-7-thread-1" [_thread_blocked, id=21304, stack(0x0000000029710000,0x0000000029810000)]
  0x000000001207a000 JavaThread "Server thread" [_thread_blocked, id=18348, stack(0x00000000290d0000,0x00000000291d0000)]
  0x000000001207b800 JavaThread "Snooper Timer" daemon [_thread_blocked, id=7488, stack(0x0000000028fd0000,0x00000000290d0000)]
  0x000000001206e000 JavaThread "Narrator" daemon [_thread_blocked, id=19024, stack(0x0000000028cd0000,0x0000000028dd0000)]
  0x00000000187fa000 JavaThread "pool-4-thread-7" [_thread_blocked, id=22376, stack(0x00000000584c0000,0x00000000585c0000)]
  0x00000000187ff000 JavaThread "pool-4-thread-6" [_thread_blocked, id=17368, stack(0x00000000583c0000,0x00000000584c0000)]
  0x0000000011f12800 JavaThread "pool-4-thread-5" [_thread_blocked, id=5576, stack(0x00000000582c0000,0x00000000583c0000)]
  0x0000000011f11800 JavaThread "pool-4-thread-4" [_thread_blocked, id=7524, stack(0x00000000581c0000,0x00000000582c0000)]
  0x0000000011f10000 JavaThread "pool-4-thread-3" [_thread_blocked, id=5128, stack(0x0000000053170000,0x0000000053270000)]
  0x0000000011f0f800 JavaThread "pool-4-thread-2" [_thread_blocked, id=4440, stack(0x0000000052680000,0x0000000052780000)]
  0x0000000011f14000 JavaThread "pool-4-thread-1" [_thread_blocked, id=14268, stack(0x000000002a260000,0x000000002a360000)]
  0x0000000011f05800 JavaThread "Ender IO Scheduler" [_thread_blocked, id=17284, stack(0x00000000010e0000,0x00000000011e0000)]
  0x0000000011f0e800 JavaThread "ResearchIOThread" daemon [_thread_blocked, id=9400, stack(0x000000002a060000,0x000000002a160000)]
  0x0000000011f0b800 JavaThread "ForkJoinPool.commonPool-worker-9" daemon [_thread_blocked, id=21988, stack(0x0000000052580000,0x0000000052680000)]
  0x000000001271a000 JavaThread "Thread-10" [_thread_blocked, id=16888, stack(0x0000000031ac0000,0x0000000031bc0000)]
  0x0000000012721000 JavaThread "Thread-9" [_thread_blocked, id=7904, stack(0x000000002ba60000,0x000000002bb60000)]
  0x0000000012717000 JavaThread "ForkJoinPool.commonPool-worker-12" daemon [_thread_blocked, id=14564, stack(0x000000002ac60000,0x000000002ad60000)]
  0x0000000018802000 JavaThread "ForkJoinPool.commonPool-worker-3" daemon [_thread_blocked, id=21644, stack(0x000000002a760000,0x000000002a860000)]
  0x00000000187f7000 JavaThread "LWJGL Timer" daemon [_thread_blocked, id=10592, stack(0x0000000029a70000,0x0000000029b70000)]
  0x00000000187f6000 JavaThread "Java2D Disposer" daemon [_thread_blocked, id=16168, stack(0x000000001a3d0000,0x000000001a4d0000)]
  0x00000000187f8800 JavaThread "Timer hack thread" daemon [_thread_blocked, id=9024, stack(0x0000000014030000,0x0000000014130000)]
  0x00000000105fd800 JavaThread "Snooper Timer" daemon [_thread_blocked, id=964, stack(0x0000000012ff0000,0x00000000130f0000)]
  0x000000001069a000 JavaThread "Service Thread" daemon [_thread_blocked, id=13196, stack(0x00000000110e0000,0x00000000111e0000)]
  0x00000000105fd000 JavaThread "C1 CompilerThread11" daemon [_thread_blocked, id=14708, stack(0x0000000010fe0000,0x00000000110e0000)]
  0x00000000105f8800 JavaThread "C1 CompilerThread10" daemon [_thread_blocked, id=7156, stack(0x0000000010ee0000,0x0000000010fe0000)]
  0x00000000105f9000 JavaThread "C1 CompilerThread9" daemon [_thread_blocked, id=18936, stack(0x0000000010de0000,0x0000000010ee0000)]
  0x00000000105fa800 JavaThread "C1 CompilerThread8" daemon [_thread_blocked, id=21080, stack(0x0000000010ce0000,0x0000000010de0000)]
  0x00000000105ff000 JavaThread "C2 CompilerThread7" daemon [_thread_blocked, id=7652, stack(0x0000000010be0000,0x0000000010ce0000)]
  0x00000000105fa000 JavaThread "C2 CompilerThread6" daemon [_thread_blocked, id=20692, stack(0x0000000010ae0000,0x0000000010be0000)]
  0x00000000105fe800 JavaThread "C2 CompilerThread5" daemon [_thread_blocked, id=3252, stack(0x00000000109e0000,0x0000000010ae0000)]
  0x000000000fad0000 JavaThread "C2 CompilerThread4" daemon [_thread_blocked, id=17780, stack(0x00000000104e0000,0x00000000105e0000)]
  0x000000000fac5000 JavaThread "C2 CompilerThread3" daemon [_thread_blocked, id=20024, stack(0x00000000103e0000,0x00000000104e0000)]
  0x000000000fabb800 JavaThread "C2 CompilerThread2" daemon [_thread_blocked, id=14788, stack(0x00000000102e0000,0x00000000103e0000)]
  0x000000000fab6800 JavaThread "C2 CompilerThread1" daemon [_thread_blocked, id=11016, stack(0x00000000101e0000,0x00000000102e0000)]
  0x000000000fab3800 JavaThread "C2 CompilerThread0" daemon [_thread_blocked, id=8760, stack(0x00000000100e0000,0x00000000101e0000)]
  0x000000000fab2800 JavaThread "Attach Listener" daemon [_thread_blocked, id=11196, stack(0x000000000ffe0000,0x00000000100e0000)]
  0x000000000fab1000 JavaThread "Signal Dispatcher" daemon [_thread_blocked, id=13928, stack(0x000000000fee0000,0x000000000ffe0000)]
  0x000000000fab0000 JavaThread "Surrogate Locker Thread (Concurrent GC)" daemon [_thread_blocked, id=11988, stack(0x000000000fde0000,0x000000000fee0000)]
  0x000000000fa72000 JavaThread "Finalizer" daemon [_thread_blocked, id=14180, stack(0x000000000fce0000,0x000000000fde0000)]
  0x000000000fa69000 JavaThread "Reference Handler" daemon [_thread_blocked, id=21600, stack(0x000000000fbe0000,0x000000000fce0000)]
=>0x0000000003045800 JavaThread "Client thread" [_thread_in_Java, id=3568, stack(0x0000000002f40000,0x0000000003040000)]

Other Threads:
  0x000000000fa64000 VMThread [stack: 0x000000000fae0000,0x000000000fbe0000] [id=9392]
  0x000000001069b000 WatcherThread [stack: 0x00000000111e0000,0x00000000112e0000] [id=10680]

VM state:not at safepoint (normal execution)

VM Mutex/Monitor currently owned by a thread: None

Heap:
 par new generation   total 230016K, used 208907K [0x0000000640000000, 0x000000064f990000, 0x000000064f990000)
  eden space 204480K,  94% used [0x0000000640000000, 0x000000064bbecf38, 0x000000064c7b0000)
  from space 25536K,  64% used [0x000000064e0a0000, 0x000000064f0b5e40, 0x000000064f990000)
  to   space 25536K,   0% used [0x000000064c7b0000, 0x000000064c7b0000, 0x000000064e0a0000)
 concurrent mark-sweep generation total 2842420K, used 2270027K [0x000000064f990000, 0x00000006fd15d000, 0x00000007c0000000)
 Metaspace       used 155378K, capacity 161419K, committed 161536K, reserved 1185792K
  class space    used 22942K, capacity 24469K, committed 24576K, reserved 1048576K

Card table byte_map: [0x0000000005440000,0x0000000006050000] byte_map_base: 0x0000000002240000

Marking Bits: (CMSBitMap*) 0x0000000003091ed8
 Bits: [0x0000000006f10000, 0x000000000cb29c00)

Mod Union Table: (CMSBitMap*) 0x0000000003091f98
 Bits: [0x000000000cb30000, 0x000000000cca0670)

Polling page: 0x0000000000bd0000

CodeCache: size=2097152Kb used=124864Kb max_used=124872Kb free=1972287Kb
 bounds [0x000000007fff0000, 0x0000000087a50000, 0x00000000ffff0000]
 total_blobs=26204 nmethods=24697 adapters=1411
 compilation: enabled

Compilation events (10 events):
Event: 229.285 Thread 0x00000000105fa800 31728       3       net.minecraft.network.datasync.EntityDataManager::func_187224_a (9 bytes)
Event: 229.285 Thread 0x00000000105fa800 nmethod 31728 0x0000000087a28cd0 code [0x0000000087a28e40, 0x0000000087a29078]
Event: 229.583 Thread 0x000000000fabb800 31729       4       gregtech.common.pipelike.fluidpipe.tile.TileEntityFluidPipe::getCapabilityInternal (25 bytes)
Event: 229.585 Thread 0x000000000fabb800 nmethod 31729 0x0000000087a1f4d0 code [0x0000000087a1f620, 0x0000000087a1f708]
Event: 229.621 Thread 0x000000000fac5000 31730       4       appeng.server.ServerHelper::renderModeForPlayer (74 bytes)
Event: 229.632 Thread 0x000000000fac5000 nmethod 31730 0x0000000087a4b550 code [0x0000000087a4b760, 0x0000000087a4bfa8]
Event: 229.736 Thread 0x00000000105f8800 31731       1       java.util.concurrent.atomic.AtomicReference::set (6 bytes)
Event: 229.736 Thread 0x00000000105f8800 nmethod 31731 0x0000000087a28910 code [0x0000000087a28a60, 0x0000000087a28b98]
Event: 229.780 Thread 0x000000000fab6800 31732       4       net.minecraft.world.World::getSunBrightnessFactor (82 bytes)
Event: 229.787 Thread 0x000000000fab6800 nmethod 31732 0x0000000087a4dc50 code [0x0000000087a4dec0, 0x0000000087a4e5b8]

GC Heap History (10 events):
Event: 215.431 GC heap before
{Heap before GC invocations=268 (full 15):
 par new generation   total 230016K, used 225659K [0x0000000640000000, 0x000000064f990000, 0x000000064f990000)
  eden space 204480K, 100% used [0x0000000640000000, 0x000000064c7b0000, 0x000000064c7b0000)
  from space 25536K,  82% used [0x000000064c7b0000, 0x000000064dc5efa8, 0x000000064e0a0000)
  to   space 25536K,   0% used [0x000000064e0a0000, 0x000000064e0a0000, 0x000000064f990000)
 concurrent mark-sweep generation total 2842420K, used 2269671K [0x000000064f990000, 0x00000006fd15d000, 0x00000007c0000000)
 Metaspace       used 155280K, capacity 161311K, committed 161536K, reserved 1185792K
  class space    used 22932K, capacity 24459K, committed 24576K, reserved 1048576K
Event: 215.446 GC heap after
Heap after GC invocations=269 (full 15):
 par new generation   total 230016K, used 17878K [0x0000000640000000, 0x000000064f990000, 0x000000064f990000)
  eden space 204480K,   0% used [0x0000000640000000, 0x0000000640000000, 0x000000064c7b0000)
  from space 25536K,  70% used [0x000000064e0a0000, 0x000000064f215aa0, 0x000000064f990000)
  to   space 25536K,   0% used [0x000000064c7b0000, 0x000000064c7b0000, 0x000000064e0a0000)
 concurrent mark-sweep generation total 2842420K, used 2269901K [0x000000064f990000, 0x00000006fd15d000, 0x00000007c0000000)
 Metaspace       used 155280K, capacity 161311K, committed 161536K, reserved 1185792K
  class space    used 22932K, capacity 24459K, committed 24576K, reserved 1048576K
}
Event: 218.865 GC heap before
{Heap before GC invocations=269 (full 15):
 par new generation   total 230016K, used 222358K [0x0000000640000000, 0x000000064f990000, 0x000000064f990000)
  eden space 204480K, 100% used [0x0000000640000000, 0x000000064c7b0000, 0x000000064c7b0000)
  from space 25536K,  70% used [0x000000064e0a0000, 0x000000064f215aa0, 0x000000064f990000)
  to   space 25536K,   0% used [0x000000064c7b0000, 0x000000064c7b0000, 0x000000064e0a0000)
 concurrent mark-sweep generation total 2842420K, used 2269901K [0x000000064f990000, 0x00000006fd15d000, 0x00000007c0000000)
 Metaspace       used 155283K, capacity 161315K, committed 161536K, reserved 1185792K
  class space    used 22932K, capacity 24459K, committed 24576K, reserved 1048576K
Event: 218.879 GC heap after
Heap after GC invocations=270 (full 15):
 par new generation   total 230016K, used 20399K [0x0000000640000000, 0x000000064f990000, 0x000000064f990000)
  eden space 204480K,   0% used [0x0000000640000000, 0x0000000640000000, 0x000000064c7b0000)
  from space 25536K,  79% used [0x000000064c7b0000, 0x000000064db9bec0, 0x000000064e0a0000)
  to   space 25536K,   0% used [0x000000064e0a0000, 0x000000064e0a0000, 0x000000064f990000)
 concurrent mark-sweep generation total 2842420K, used 2269909K [0x000000064f990000, 0x00000006fd15d000, 0x00000007c0000000)
 Metaspace       used 155283K, capacity 161315K, committed 161536K, reserved 1185792K
  class space    used 22932K, capacity 24459K, committed 24576K, reserved 1048576K
}
Event: 220.830 GC heap before
{Heap before GC invocations=270 (full 15):
 par new generation   total 230016K, used 224879K [0x0000000640000000, 0x000000064f990000, 0x000000064f990000)
  eden space 204480K, 100% used [0x0000000640000000, 0x000000064c7b0000, 0x000000064c7b0000)
  from space 25536K,  79% used [0x000000064c7b0000, 0x000000064db9bec0, 0x000000064e0a0000)
  to   space 25536K,   0% used [0x000000064e0a0000, 0x000000064e0a0000, 0x000000064f990000)
 concurrent mark-sweep generation total 2842420K, used 2269909K [0x000000064f990000, 0x00000006fd15d000, 0x00000007c0000000)
 Metaspace       used 155322K, capacity 161343K, committed 161536K, reserved 1185792K
  class space    used 22941K, capacity 24469K, committed 24576K, reserved 1048576K
Event: 220.845 GC heap after
Heap after GC invocations=271 (full 15):
 par new generation   total 230016K, used 17119K [0x0000000640000000, 0x000000064f990000, 0x000000064f990000)
  eden space 204480K,   0% used [0x0000000640000000, 0x0000000640000000, 0x000000064c7b0000)
  from space 25536K,  67% used [0x000000064e0a0000, 0x000000064f157d40, 0x000000064f990000)
  to   space 25536K,   0% used [0x000000064c7b0000, 0x000000064c7b0000, 0x000000064e0a0000)
 concurrent mark-sweep generation total 2842420K, used 2269920K [0x000000064f990000, 0x00000006fd15d000, 0x00000007c0000000)
 Metaspace       used 155322K, capacity 161343K, committed 161536K, reserved 1185792K
  class space    used 22941K, capacity 24469K, committed 24576K, reserved 1048576K
}
Event: 222.183 GC heap before
{Heap before GC invocations=271 (full 15):
 par new generation   total 230016K, used 221599K [0x0000000640000000, 0x000000064f990000, 0x000000064f990000)
  eden space 204480K, 100% used [0x0000000640000000, 0x000000064c7b0000, 0x000000064c7b0000)
  from space 25536K,  67% used [0x000000064e0a0000, 0x000000064f157d40, 0x000000064f990000)
  to   space 25536K,   0% used [0x000000064c7b0000, 0x000000064c7b0000, 0x000000064e0a0000)
 concurrent mark-sweep generation total 2842420K, used 2269920K [0x000000064f990000, 0x00000006fd15d000, 0x00000007c0000000)
 Metaspace       used 155324K, capacity 161343K, committed 161536K, reserved 1185792K
  class space    used 22941K, capacity 24469K, committed 24576K, reserved 1048576K
Event: 222.199 GC heap after
Heap after GC invocations=272 (full 15):
 par new generation   total 230016K, used 19858K [0x0000000640000000, 0x000000064f990000, 0x000000064f990000)
  eden space 204480K,   0% used [0x0000000640000000, 0x0000000640000000, 0x000000064c7b0000)
  from space 25536K,  77% used [0x000000064c7b0000, 0x000000064db14820, 0x000000064e0a0000)
  to   space 25536K,   0% used [0x000000064e0a0000, 0x000000064e0a0000, 0x000000064f990000)
 concurrent mark-sweep generation total 2842420K, used 2269968K [0x000000064f990000, 0x00000006fd15d000, 0x00000007c0000000)
 Metaspace       used 155324K, capacity 161343K, committed 161536K, reserved 1185792K
  class space    used 22941K, capacity 24469K, committed 24576K, reserved 1048576K
}
Event: 226.643 GC heap before
{Heap before GC invocations=272 (full 15):
 par new generation   total 230016K, used 224338K [0x0000000640000000, 0x000000064f990000, 0x000000064f990000)
  eden space 204480K, 100% used [0x0000000640000000, 0x000000064c7b0000, 0x000000064c7b0000)
  from space 25536K,  77% used [0x000000064c7b0000, 0x000000064db14820, 0x000000064e0a0000)
  to   space 25536K,   0% used [0x000000064e0a0000, 0x000000064e0a0000, 0x000000064f990000)
 concurrent mark-sweep generation total 2842420K, used 2269968K [0x000000064f990000, 0x00000006fd15d000, 0x00000007c0000000)
 Metaspace       used 155375K, capacity 161419K, committed 161536K, reserved 1185792K
  class space    used 22942K, capacity 24469K, committed 24576K, reserved 1048576K
Event: 226.657 GC heap after
Heap after GC invocations=273 (full 15):
 par new generation   total 230016K, used 16471K [0x0000000640000000, 0x000000064f990000, 0x000000064f990000)
  eden space 204480K,   0% used [0x0000000640000000, 0x0000000640000000, 0x000000064c7b0000)
  from space 25536K,  64% used [0x000000064e0a0000, 0x000000064f0b5e40, 0x000000064f990000)
  to   space 25536K,   0% used [0x000000064c7b0000, 0x000000064c7b0000, 0x000000064e0a0000)
 concurrent mark-sweep generation total 2842420K, used 2270027K [0x000000064f990000, 0x00000006fd15d000, 0x00000007c0000000)
 Metaspace       used 155375K, capacity 161419K, committed 161536K, reserved 1185792K
  class space    used 22942K, capacity 24469K, committed 24576K, reserved 1048576K
}

Deoptimization events (10 events):
Event: 220.091 Thread 0x0000000003045800 Uncommon trap: reason=class_check action=maybe_recompile pc=0x00000000872f6ae8 method=vazkii.botania.client.core.handler.BlockHighlightRenderHandler.onWorldRenderLast(Lnet/minecraftforge/client/event/RenderWorldLastEvent;)V @ 246
Event: 220.097 Thread 0x0000000003045800 Uncommon trap: reason=class_check action=maybe_recompile pc=0x00000000872f6ae8 method=vazkii.botania.client.core.handler.BlockHighlightRenderHandler.onWorldRenderLast(Lnet/minecraftforge/client/event/RenderWorldLastEvent;)V @ 246
Event: 220.102 Thread 0x0000000003045800 Uncommon trap: reason=class_check action=maybe_recompile pc=0x00000000872f6ae8 method=vazkii.botania.client.core.handler.BlockHighlightRenderHandler.onWorldRenderLast(Lnet/minecraftforge/client/event/RenderWorldLastEvent;)V @ 246
Event: 220.108 Thread 0x0000000003045800 Uncommon trap: reason=class_check action=maybe_recompile pc=0x00000000872f6ae8 method=vazkii.botania.client.core.handler.BlockHighlightRenderHandler.onWorldRenderLast(Lnet/minecraftforge/client/event/RenderWorldLastEvent;)V @ 246
Event: 220.121 Thread 0x0000000003045800 Uncommon trap: reason=unstable_if action=reinterpret pc=0x0000000086907920 method=net.minecraft.world.World.func_147447_a(Lnet/minecraft/util/math/Vec3d;Lnet/minecraft/util/math/Vec3d;ZZZ)Lnet/minecraft/util/math/RayTraceResult; @ 535
Event: 220.147 Thread 0x0000000003045800 Uncommon trap: reason=unstable_if action=reinterpret pc=0x00000000829318b0 method=hellfirepvp.astralsorcery.client.effect.fx.EntityFXFacingParticle.renderFast(FLjava/util/List;)V @ 63
Event: 220.182 Thread 0x000000001207a000 Uncommon trap: reason=unstable_if action=reinterpret pc=0x0000000086b785d0 method=net.minecraft.entity.EntityTrackerEntry.func_151259_a(Lnet/minecraft/network/Packet;)V @ 16
Event: 225.421 Thread 0x0000000003045800 Uncommon trap: reason=class_check action=maybe_recompile pc=0x00000000848d0730 method=net.minecraft.entity.EntityLivingBase.func_70679_bo()V @ 112
Event: 227.674 Thread 0x0000000003045800 Uncommon trap: reason=unstable_if action=reinterpret pc=0x00000000823dc02c method=net.minecraft.client.renderer.EntityRenderer.func_78472_g(F)V @ 511
Event: 228.681 Thread 0x000000001207a000 Uncommon trap: reason=unstable_if action=reinterpret pc=0x0000000086bb9420 method=nc.radiation.RadiationHandler.updateWorldRadiation(Lnet/minecraftforge/fml/common/gameevent/TickEvent$WorldTickEvent;)V @ 376

Internal exceptions (10 events):
Event: 229.838 Thread 0x0000000012721000 Exception <a 'java/lang/InterruptedException': sleep interrupted> (0x000000064b7c2b00) thrown at [C:\re\workspace\8-2-build-windows-amd64-cygwin\jdk8u51\3951\hotspot\src\share\vm\prims\jvm.cpp, line 3211]
Event: 229.843 Thread 0x0000000012721000 Exception <a 'java/lang/InterruptedException': sleep interrupted> (0x000000064b7c2d00) thrown at [C:\re\workspace\8-2-build-windows-amd64-cygwin\jdk8u51\3951\hotspot\src\share\vm\prims\jvm.cpp, line 3211]
Event: 229.847 Thread 0x0000000012721000 Exception <a 'java/lang/InterruptedException': sleep interrupted> (0x000000064b7c2f00) thrown at [C:\re\workspace\8-2-build-windows-amd64-cygwin\jdk8u51\3951\hotspot\src\share\vm\prims\jvm.cpp, line 3211]
Event: 229.852 Thread 0x0000000012721000 Exception <a 'java/lang/InterruptedException': sleep interrupted> (0x000000064b7c3100) thrown at [C:\re\workspace\8-2-build-windows-amd64-cygwin\jdk8u51\3951\hotspot\src\share\vm\prims\jvm.cpp, line 3211]
Event: 229.858 Thread 0x0000000012721000 Exception <a 'java/lang/InterruptedException': sleep interrupted> (0x000000064b7c3300) thrown at [C:\re\workspace\8-2-build-windows-amd64-cygwin\jdk8u51\3951\hotspot\src\share\vm\prims\jvm.cpp, line 3211]
Event: 229.864 Thread 0x0000000012721000 Exception <a 'java/lang/InterruptedException': sleep interrupted> (0x000000064b7c3500) thrown at [C:\re\workspace\8-2-build-windows-amd64-cygwin\jdk8u51\3951\hotspot\src\share\vm\prims\jvm.cpp, line 3211]
Event: 229.872 Thread 0x0000000012721000 Exception <a 'java/lang/InterruptedException': sleep interrupted> (0x000000064b7c3700) thrown at [C:\re\workspace\8-2-build-windows-amd64-cygwin\jdk8u51\3951\hotspot\src\share\vm\prims\jvm.cpp, line 3211]
Event: 229.872 Thread 0x0000000012721000 Exception <a 'java/lang/InterruptedException': sleep interrupted> (0x000000064b7c3900) thrown at [C:\re\workspace\8-2-build-windows-amd64-cygwin\jdk8u51\3951\hotspot\src\share\vm\prims\jvm.cpp, line 3163]
Event: 229.874 Thread 0x0000000012721000 Exception <a 'java/lang/InterruptedException': sleep interrupted> (0x000000064b7c3b00) thrown at [C:\re\workspace\8-2-build-windows-amd64-cygwin\jdk8u51\3951\hotspot\src\share\vm\prims\jvm.cpp, line 3211]
Event: 229.880 Thread 0x0000000012721000 Exception <a 'java/lang/InterruptedException': sleep interrupted> (0x000000064b7c3d00) thrown at [C:\re\workspace\8-2-build-windows-amd64-cygwin\jdk8u51\3951\hotspot\src\share\vm\prims\jvm.cpp, line 3211]

Events (10 events):
Event: 227.426 Thread 0x0000000003045800 DEOPT UNPACKING pc=0x0000000080037487 sp=0x000000000303de00 mode 0
Event: 227.674 Thread 0x0000000003045800 Uncommon trap: trap_request=0xffffff65 fr.pc=0x00000000823dc02c
Event: 227.674 Thread 0x0000000003045800 DEOPT PACKING pc=0x00000000823dc02c sp=0x000000000303e520
Event: 227.674 Thread 0x0000000003045800 DEOPT UNPACKING pc=0x0000000080035832 sp=0x000000000303e498 mode 2
Event: 228.681 Thread 0x000000001207a000 Uncommon trap: trap_request=0xffffff65 fr.pc=0x0000000086bb9420
Event: 228.681 Thread 0x000000001207a000 DEOPT PACKING pc=0x0000000086bb9420 sp=0x00000000291ce9e0
Event: 228.681 Thread 0x000000001207a000 DEOPT UNPACKING pc=0x0000000080035832 sp=0x00000000291ce940 mode 2
Event: 229.618 Executing VM operation: RevokeBias
Event: 229.618 Executing VM operation: RevokeBias done
Event: 229.618 Thread 0x0000000018803800 Thread exited: 0x0000000018803800


Dynamic libraries:
0x00007ff740760000 - 0x00007ff740797000 	C:\Users\Kel\Documents\Curse\Minecraft\Install\runtime\jre-x64\bin\javaw.exe
0x00007ffd833a0000 - 0x00007ffd83590000 	C:\WINDOWS\SYSTEM32\ntdll.dll
0x00007ffd82440000 - 0x00007ffd824f2000 	C:\WINDOWS\System32\KERNEL32.DLL
0x00007ffd80470000 - 0x00007ffd80714000 	C:\WINDOWS\System32\KERNELBASE.dll
0x00007ffd831f0000 - 0x00007ffd83293000 	C:\WINDOWS\System32\ADVAPI32.dll
0x00007ffd81e90000 - 0x00007ffd81f2e000 	C:\WINDOWS\System32\msvcrt.dll
0x00007ffd82e70000 - 0x00007ffd82f07000 	C:\WINDOWS\System32\sechost.dll
0x00007ffd82ba0000 - 0x00007ffd82cc0000 	C:\WINDOWS\System32\RPCRT4.dll
0x00007ffd81c80000 - 0x00007ffd81e14000 	C:\WINDOWS\System32\USER32.dll
0x00007ffd810a0000 - 0x00007ffd810c1000 	C:\WINDOWS\System32\win32u.dll
0x00007ffd83110000 - 0x00007ffd83136000 	C:\WINDOWS\System32\GDI32.dll
0x00007ffd80f00000 - 0x00007ffd81096000 	C:\WINDOWS\System32\gdi32full.dll
0x00007ffd803d0000 - 0x00007ffd8046e000 	C:\WINDOWS\System32\msvcp_win.dll
0x00007ffd812d0000 - 0x00007ffd813ca000 	C:\WINDOWS\System32\ucrtbase.dll
0x00007ffd6f030000 - 0x00007ffd6f2b4000 	C:\WINDOWS\WinSxS\amd64_microsoft.windows.common-controls_6595b64144ccf1df_6.0.18362.959_none_e6c7bbbf130c62bb\COMCTL32.dll
0x00007ffd820a0000 - 0x00007ffd823d5000 	C:\WINDOWS\System32\combase.dll
0x00007ffd81100000 - 0x00007ffd81180000 	C:\WINDOWS\System32\bcryptPrimitives.dll
0x00007ffd83140000 - 0x00007ffd8316e000 	C:\WINDOWS\System32\IMM32.DLL
0x00000000670a0000 - 0x0000000067172000 	C:\Users\Kel\Documents\Curse\Minecraft\Install\runtime\jre-x64\bin\msvcr100.dll
0x0000000066810000 - 0x0000000067093000 	C:\Users\Kel\Documents\Curse\Minecraft\Install\runtime\jre-x64\bin\server\jvm.dll
0x00007ffd81e20000 - 0x00007ffd81e28000 	C:\WINDOWS\System32\PSAPI.DLL
0x00007ffd6a2a0000 - 0x00007ffd6a2a9000 	C:\WINDOWS\SYSTEM32\WSOCK32.dll
0x00007ffd786e0000 - 0x00007ffd78704000 	C:\WINDOWS\SYSTEM32\WINMM.dll
0x00007ffd7bf80000 - 0x00007ffd7bf8a000 	C:\WINDOWS\SYSTEM32\VERSION.dll
0x00007ffd82640000 - 0x00007ffd826af000 	C:\WINDOWS\System32\WS2_32.dll
0x00007ffd786b0000 - 0x00007ffd786dd000 	C:\WINDOWS\SYSTEM32\WINMMBASE.dll
0x00007ffd80eb0000 - 0x00007ffd80efa000 	C:\WINDOWS\System32\cfgmgr32.dll
0x0000000069880000 - 0x000000006988f000 	C:\Users\Kel\Documents\Curse\Minecraft\Install\runtime\jre-x64\bin\verify.dll
0x00000000667e0000 - 0x0000000066809000 	C:\Users\Kel\Documents\Curse\Minecraft\Install\runtime\jre-x64\bin\java.dll
0x00000000667c0000 - 0x00000000667d6000 	C:\Users\Kel\Documents\Curse\Minecraft\Install\runtime\jre-x64\bin\zip.dll
0x00007ffd81590000 - 0x00007ffd81c76000 	C:\WINDOWS\System32\SHELL32.dll
0x00007ffd82500000 - 0x00007ffd825a9000 	C:\WINDOWS\System32\shcore.dll
0x00007ffd80720000 - 0x00007ffd80ea2000 	C:\WINDOWS\System32\windows.storage.dll
0x00007ffd802d0000 - 0x00007ffd802f3000 	C:\WINDOWS\System32\profapi.dll
0x00007ffd80280000 - 0x00007ffd802ca000 	C:\WINDOWS\System32\powrprof.dll
0x00007ffd80250000 - 0x00007ffd80260000 	C:\WINDOWS\System32\UMPDC.dll
0x00007ffd823e0000 - 0x00007ffd82432000 	C:\WINDOWS\System32\shlwapi.dll
0x00007ffd80300000 - 0x00007ffd80311000 	C:\WINDOWS\System32\kernel.appcore.dll
0x00007ffd81430000 - 0x00007ffd81447000 	C:\WINDOWS\System32\cryptsp.dll
0x00000000667b0000 - 0x00000000667bd000 	C:\Users\Kel\Documents\Curse\Minecraft\Install\runtime\jre-x64\bin\management.dll
0x0000000066790000 - 0x00000000667aa000 	C:\Users\Kel\Documents\Curse\Minecraft\Install\runtime\jre-x64\bin\net.dll
0x00007ffd7fac0000 - 0x00007ffd7fb27000 	C:\WINDOWS\system32\mswsock.dll
0x00007ffd5c740000 - 0x00007ffd5c756000 	C:\WINDOWS\system32\napinsp.dll
0x00007ffd5c640000 - 0x00007ffd5c65a000 	C:\WINDOWS\system32\pnrpnsp.dll
0x00007ffd7f810000 - 0x00007ffd7f8db000 	C:\WINDOWS\SYSTEM32\DNSAPI.dll
0x00007ffd832a0000 - 0x00007ffd832a8000 	C:\WINDOWS\System32\NSI.dll
0x00007ffd7f7d0000 - 0x00007ffd7f80a000 	C:\WINDOWS\SYSTEM32\IPHLPAPI.DLL
0x00007ffd5c730000 - 0x00007ffd5c73e000 	C:\WINDOWS\System32\winrnr.dll
0x00007ffd7be00000 - 0x00007ffd7be1c000 	C:\WINDOWS\system32\NLAapi.dll
0x00007ffd55b80000 - 0x00007ffd55b95000 	C:\WINDOWS\system32\wshbth.dll
0x00007ffd787e0000 - 0x00007ffd787ea000 	C:\Windows\System32\rasadhlp.dll
0x00007ffd78af0000 - 0x00007ffd78b67000 	C:\WINDOWS\System32\fwpuclnt.dll
0x00007ffd810d0000 - 0x00007ffd810f6000 	C:\WINDOWS\System32\bcrypt.dll
0x0000000066770000 - 0x0000000066781000 	C:\Users\Kel\Documents\Curse\Minecraft\Install\runtime\jre-x64\bin\nio.dll
0x0000000066750000 - 0x0000000066767000 	C:\Users\Kel\Documents\Curse\Minecraft\Install\runtime\jre-x64\bin\unpack.dll
0x0000000180000000 - 0x0000000180053000 	C:\Users\Kel\Documents\Curse\Minecraft\Install\bin\1396-5b96-fb7d-41e5\lwjgl64.dll
0x00007ffd38c00000 - 0x00007ffd38d56000 	C:\WINDOWS\SYSTEM32\OPENGL32.dll
0x00007ffd39aa0000 - 0x00007ffd39acc000 	C:\WINDOWS\SYSTEM32\GLU32.dll
0x00007ffd7eec0000 - 0x00007ffd7eee0000 	C:\WINDOWS\SYSTEM32\dxcore.dll
0x00007ffd7f630000 - 0x00007ffd7f663000 	C:\WINDOWS\system32\rsaenh.dll
0x00007ffd80170000 - 0x00007ffd80195000 	C:\WINDOWS\SYSTEM32\USERENV.dll
0x00007ffd7fc90000 - 0x00007ffd7fc9c000 	C:\WINDOWS\SYSTEM32\CRYPTBASE.dll
0x00007ffd78d00000 - 0x00007ffd78d16000 	C:\WINDOWS\SYSTEM32\dhcpcsvc6.DLL
0x00007ffd78ce0000 - 0x00007ffd78cfc000 	C:\WINDOWS\SYSTEM32\dhcpcsvc.DLL
0x00000000665b0000 - 0x0000000066748000 	C:\Users\Kel\Documents\Curse\Minecraft\Install\runtime\jre-x64\bin\awt.dll
0x00007ffd82f70000 - 0x00007ffd83035000 	C:\WINDOWS\System32\OLEAUT32.dll
0x00007ffd7e1e0000 - 0x00007ffd7e26f000 	C:\WINDOWS\SYSTEM32\apphelp.dll
0x00007ffd77540000 - 0x00007ffd775ee000 	C:\WINDOWS\SYSTEM32\mscms.dll
0x00007ffd77520000 - 0x00007ffd77537000 	C:\WINDOWS\SYSTEM32\ColorAdapterClient.dll
0x00007ffd832b0000 - 0x00007ffd83352000 	C:\WINDOWS\System32\clbcatq.dll
0x00007ffd7bae0000 - 0x00007ffd7bafa000 	C:\Windows\System32\Windows.Internal.Graphics.Display.DisplayColorManagement.dll
0x00007ffd7e320000 - 0x00007ffd7e3b9000 	C:\WINDOWS\system32\uxtheme.dll
0x00007ffd81450000 - 0x00007ffd81585000 	C:\WINDOWS\System32\MSCTF.dll
0x00007ffd76040000 - 0x00007ffd760de000 	C:\WINDOWS\System32\TextInputFramework.dll
0x00007ffd780a0000 - 0x00007ffd783ca000 	C:\WINDOWS\System32\CoreUIComponents.dll
0x00007ffd7db40000 - 0x00007ffd7dc14000 	C:\WINDOWS\System32\CoreMessaging.dll
0x00007ffd7f410000 - 0x00007ffd7f441000 	C:\WINDOWS\SYSTEM32\ntmarta.dll
0x00007ffd7c270000 - 0x00007ffd7c3c3000 	C:\WINDOWS\SYSTEM32\wintypes.dll
0x00007ffd74270000 - 0x00007ffd74516000 	C:\WINDOWS\System32\iertutil.dll
0x00007ffd16830000 - 0x00007ffd18f54000 	C:\WINDOWS\System32\DriverStore\FileRepository\nv_dispi.inf_amd64_9952681a7bb1dfac\nvoglv64.dll
0x00007ffd826b0000 - 0x00007ffd82b20000 	C:\WINDOWS\System32\SETUPAPI.dll
0x00007ffd81f40000 - 0x00007ffd82097000 	C:\WINDOWS\System32\ole32.dll
0x00007ffd7c510000 - 0x00007ffd7c523000 	C:\WINDOWS\SYSTEM32\WTSAPI32.dll
0x00007ffd80070000 - 0x00007ffd8009a000 	C:\WINDOWS\SYSTEM32\DEVOBJ.dll
0x00007ffd813d0000 - 0x00007ffd8142c000 	C:\WINDOWS\System32\WINTRUST.dll
0x00007ffd80260000 - 0x00007ffd80272000 	C:\WINDOWS\System32\MSASN1.dll
0x00007ffd81180000 - 0x00007ffd812c9000 	C:\WINDOWS\System32\CRYPT32.dll
0x00007ffd7e7f0000 - 0x00007ffd7e81d000 	C:\WINDOWS\SYSTEM32\dwmapi.dll
0x00007ffd4be70000 - 0x00007ffd4c127000 	C:\WINDOWS\system32\nvspcap64.dll
0x00007ffd76ea0000 - 0x00007ffd76ee3000 	C:\WINDOWS\SYSTEM32\icm32.dll
0x00007ffd7f2e0000 - 0x00007ffd7f336000 	C:\WINDOWS\SYSTEM32\WINSTA.dll
0x00007ffd675f0000 - 0x00007ffd67632000 	C:\Users\Kel\AppData\Local\Temp\jna-75314\jna5444159685100489977.dll
0x0000000066580000 - 0x00000000665a4000 	C:\Users\Kel\Documents\Curse\Minecraft\Install\runtime\jre-x64\bin\sunec.dll
0x0000000066540000 - 0x0000000066571000 	C:\Users\Kel\Documents\Curse\Minecraft\Install\runtime\jre-x64\bin\jpeg.dll
0x0000000024410000 - 0x0000000024474000 	C:\Users\Kel\Documents\Curse\Minecraft\Install\bin\1396-5b96-fb7d-41e5\OpenAL64.dll
0x00007ffd7bf90000 - 0x00007ffd7c002000 	C:\WINDOWS\System32\MMDevApi.dll
0x00007ffd35550000 - 0x00007ffd355e9000 	C:\WINDOWS\SYSTEM32\dsound.dll
0x00007ffd7c010000 - 0x00007ffd7c16d000 	C:\WINDOWS\SYSTEM32\AUDIOSES.DLL
0x00007ffd7e700000 - 0x00007ffd7e714000 	C:\WINDOWS\SYSTEM32\resourcepolicyclient.dll
0x00007ffd6b2e0000 - 0x00007ffd6b2fa000 	C:\Users\Kel\Documents\Curse\Minecraft\Install\bin\1396-5b96-fb7d-41e5\SAPIWrapper_x64.dll
0x00007ffd7b5a0000 - 0x00007ffd7b794000 	C:\WINDOWS\SYSTEM32\dbghelp.dll

VM Arguments:
jvm_args: -Dos.name=Windows 10 -Dos.version=10.0 -XX:HeapDumpPath=MojangTricksIntelDriversForPerformance_javaw.exe_minecraft.exe.heapdump -Djava.library.path=C:\Users\Kel\Documents\Curse\Minecraft\Install\bin\1396-5b96-fb7d-41e5 -Dminecraft.launcher.brand=minecraft-launcher -Dminecraft.launcher.version=2.1.16101 -Dminecraft.client.jar=C:\Users\Kel\Documents\Curse\Minecraft\Install\versions\1.12.2\1.12.2.jar -Xmx6144m -Xms256m -XX:PermSize=256m -Dminecraft.applet.TargetDirectory=C:\Users\Kel\Documents\Curse\Minecraft\Instances\Starstruck -Dfml.ignorePatchDiscrepancies=true -Dfml.ignoreInvalidMinecraftCertificates=true -Duser.language=en -Duser.country=US -XX:+DisableExplicitGC -XX:+UseConcMarkSweepGC -XX:+UseParNewGC -XX:+UseNUMA -XX:+CMSParallelRemarkEnabled -XX:MaxTenuringThreshold=15 -XX:MaxGCPauseMillis=30 -XX:GCPauseIntervalMillis=150 -XX:+UseAdaptiveGCBoundary -XX:-UseGCOverheadLimit -XX:+UseBiasedLocking -XX:SurvivorRatio=8 -XX:TargetSurvivorRatio=90 -XX:MaxTenuringThreshold=15 -Dfml.ignorePatchDiscrepancies=true -Dfml.ignoreInvalidMinecraftCertificates=true -XX:+UseFastAccessorMethods -XX:+UseCompressedOops -XX:+OptimizeStringConcat -XX:+AggressiveOpts -XX:ReservedCodeCacheSize=2048m -XX:+UseCodeCacheFlushing -XX:ParallelGCThreads=3 -Dlog4j.configurationFile=C:\Users\Kel\Documents\Curse\Minecraft\Install\assets\log_configs\client-1.12.xml 
java_command: net.minecraft.launchwrapper.Launch --username Kel --version forge-14.23.5.2847 --gameDir C:\Users\Kel\Documents\Curse\Minecraft\Instances\Starstruck --assetsDir C:\Users\Kel\Documents\Curse\Minecraft\Install\assets --assetIndex 1.12 --uuid 81479f94d1de4997af846b1a4b1077b1 --accessToken eyJhbGciOiJIUzI1NiJ9.eyJzdWIiOiJiNThiNDVmYmVhOGE0NjVlODk1NjZmZjdmMWJmMzc4MiIsInlnZ3QiOiJlMzVkMWYxNmU0MjI0ZDkxODFmNDUxOTNhM2MxYTdkNCIsInNwciI6IjgxNDc5Zjk0ZDFkZTQ5OTdhZjg0NmIxYTRiMTA3N2IxIiwiaXNzIjoiWWdnZHJhc2lsLUF1dGgiLCJleHAiOjE1OTYzMTg2MjgsImlhdCI6MTU5NjE0NTgyOH0.sZMlEG3YrVwyXk3eaE4IfFWAvsU9Mu5LKU6MqrWP8BY --userType mojang --tweakClass net.minecraftforge.fml.common.launcher.FMLTweaker --versionType Forge --width 1024 --height 768
java_class_path (initial): C:\Users\Kel\Documents\Curse\Minecraft\Install\libraries\net\minecraftforge\forge\1.12.2-14.23.5.2847\forge-1.12.2-14.23.5.2847.jar;C:\Users\Kel\Documents\Curse\Minecraft\Install\libraries\net\minecraft\launchwrapper\1.12\launchwrapper-1.12.jar;C:\Users\Kel\Documents\Curse\Minecraft\Install\libraries\org\ow2\asm\asm-all\5.2\asm-all-5.2.jar;C:\Users\Kel\Documents\Curse\Minecraft\Install\libraries\org\jline\jline\3.5.1\jline-3.5.1.jar;C:\Users\Kel\Documents\Curse\Minecraft\Install\libraries\net\java\dev\jna\jna\4.4.0\jna-4.4.0.jar;C:\Users\Kel\Documents\Curse\Minecraft\Install\libraries\com\typesafe\akka\akka-actor_2.11\2.3.3\akka-actor_2.11-2.3.3.jar;C:\Users\Kel\Documents\Curse\Minecraft\Install\libraries\com\typesafe\config\1.2.1\config-1.2.1.jar;C:\Users\Kel\Documents\Curse\Minecraft\Install\libraries\org\scala-lang\scala-actors-migration_2.11\1.1.0\scala-actors-migration_2.11-1.1.0.jar;C:\Users\Kel\Documents\Curse\Minecraft\Install\libraries\org\scala-lang\scala-compiler\2.11.1\scala-compiler-2.11.1.jar;C:\Users\Kel\Documents\Curse\Minecraft\Install\libraries\org\scala-lang\plugins\scala-continuations-library_2.11\1.0.2\scala-continuations-library_2.11-1.0.2.jar;C:\Users\Kel\Documents\Curse\Minecraft\Install\libraries\org\scala-lang\plugins\scala-continuations-plugin_2.11.1\1.0.2\scala-continuations-plugin_2.11.1-1.0.2.jar;C:\Users\Kel\Documents\Curse\Minecraft\Install\libraries\org\scala-lang\scala-library\2.11.1\scala-library-2.11.1.jar;C:\Users\Kel\Documents\Curse\Minecraft\Install\libraries\org\scala-lang\scala-parser-combinators_2.11\1.0.1\scala-parser-combinators_2.11-1.0.1.jar;C:\Users\Kel\Documents\Curse\Minecraft\Install\libraries\org\scala-lang\scala-reflect\2.11.1\scala-reflect-2.11.1.jar;C:\Users\Kel\Documents\Curse\Minecraft\Install\libraries\org\scala-lang\scala-swing_2.11\1.0.1\scala-swing_2.11-1.0.1.jar;C:\Users\Kel\Documents\Curse\Minecraft\Install\libraries\org\scala-lang\scala-xml_2.11\1.0.2\scala-xml_2.11-1.0.2.jar
Launcher Type: SUN_STANDARD

Environment Variables:
PATH=C:\Program Files (x86)\Common Files\Oracle\Java\javapath;C:\Program Files\Microsoft MPI\Bin\;C:\ProgramData\Oracle\Java\javapath;C:\Windows\system32;C:\Windows;C:\Windows\System32\Wbem;C:\Windows\System32\WindowsPowerShell\v1.0\;C:\Program Files (x86)\NVIDIA Corporation\PhysX\Common;C:\WINDOWS\system32;C:\WINDOWS;C:\WINDOWS\System32\Wbem;C:\WINDOWS\System32\WindowsPowerShell\v1.0\;C:\WINDOWS\System32\OpenSSH\;C:\Program Files\dotnet\;C:\Program Files\Microsoft SQL Server\130\Tools\Binn\;C:\MinGW\bin;C:\Program Files (x86)\Wolfram Research\WolframScript\;C:\Program Files\PuTTY\;C:\Program Files\Git\cmd;C:\Program Files\NVIDIA Corporation\NVIDIA NvDLISR;C:\Users\Kel\AppData\Local\Programs\Python\Python37-32\Scripts\;C:\Users\Kel\AppData\Local\Programs\Python\Python37-32\;C:\Users\Kel\AppData\Local\Programs\Python\Python37\Scripts\;C:\Users\Kel\AppData\Local\Programs\Python\Python37\;C:\Users\Kel\AppData\Local\Microsoft\WindowsApps;C:\Users\Kel\AppData\Local\atom\bin;C:\Users\Kel\AppData\Local\Microsoft\WindowsApps;C:\Program Files (x86)\FAHClient;C:\Users\Kel\AppData\Local\Programs\Microsoft VS Code\bin;
USERNAME=Kel
OS=Windows_NT
PROCESSOR_IDENTIFIER=AMD64 Family 23 Model 1 Stepping 1, AuthenticAMD



---------------  S Y S T E M  ---------------

OS: Windows 10.0 , 64 bit Build 18362 (10.0.18362.959)

CPU:total 16 (16 cores per cpu, 1 threads per core) family 23 model 1 stepping 1, cmov, cx8, fxsr, mmx, sse, sse2, sse3, ssse3, sse4.1, sse4.2, popcnt, avx, avx2, aes, clmul, mmxext, 3dnowpref, lzcnt, sse4a, tsc, tscinvbit, tscinv, bmi1

Memory: 4k page, physical 33505440k(18785632k free), swap 38486176k(19442416k free)

vm_info: Java HotSpot(TM) 64-Bit Server VM (25.51-b03) for windows-amd64 JRE (1.8.0_51-b16), built on Jun  8 2015 18:03:07 by "java_re" with MS VC++ 10.0 (VS2010)

time: Thu Jul 30 17:54:23 2020
elapsed time: 229 seconds (0d 0h 3m 49s)

