#
# A fatal error has been detected by the Java Runtime Environment:
#
#  EXCEPTION_ACCESS_VIOLATION (0xc0000005) at pc=0x000000005c06471f, pid=21060, tid=3204
#
# JRE version: Java(TM) SE Runtime Environment (8.0_51-b16) (build 1.8.0_51-b16)
# Java VM: Java HotSpot(TM) 64-Bit Server VM (25.51-b03 mixed mode windows-amd64 compressed oops)
# Problematic frame:
# V  [jvm.dll+0x50471f]
#
# Failed to write core dump. Minidumps are not enabled by default on client versions of Windows
#
# If you would like to submit a bug report, please visit:
#   http://bugreport.java.com/bugreport/crash.jsp
#

---------------  T H R E A D  ---------------

Current thread (0x0000000012c76800):  JavaThread "C2 CompilerThread5" daemon [_thread_in_native, id=3204, stack(0x0000000013230000,0x0000000013330000)]

siginfo: ExceptionCode=0xc0000005, reading address 0xffffffffffffffff

Registers:
RAX=0x0000000000000000, RBX=0x0000000016f4a3e8, RCX=0x0000000000000000, RDX=0x00000000000000bf
RSP=0x000000001332c3a0, RBP=0x0000000000000608, RSI=0x00000000000000c1, RDI=0x0000000000000000
R8 =0x00000000000005f8, R9 =0x0000000000000002, R10=0x0000000000000200, R11=0x000000001332c930
R12=0x000000001fdc6c40, R13=0x0000000000000002, R14=0x000000001fdc6c80, R15=0x0000000000000000
RIP=0x000000005c06471f, EFLAGS=0x0000000000010246

Top of Stack: (sp=0x000000001332c3a0)
0x000000001332c3a0:   0000000000000001 00000000189036f0
0x000000001332c3b0:   00000000000000f3 000000005c063e8c
0x000000001332c3c0:   0000000014bb1d90 000000001fdc6c80
0x000000001332c3d0:   000000001fdc6c40 000000005bc2c23a
0x000000001332c3e0:   00000000000000f3 0000000000000000
0x000000001332c3f0:   0000000000000019 0000000016f4a3e8
0x000000001332c400:   0000000000000001 000000001fdc6c40
0x000000001332c410:   000000001fdc6c80 0000000000000003
0x000000001332c420:   0000000014bb1d90 0000000000000000
0x000000001332c430:   0000000018876810 000000001332c550
0x000000001332c440:   0000000000000019 000000005c065765
0x000000001332c450:   000000001332c930 0000000018876810
0x000000001332c460:   0000000000000019 0000000014bb1d90
0x000000001332c470:   000000001fdc6c80 000000001fdc6c40
0x000000001332c480:   0000000000000002 0000000000000016
0x000000001332c490:   0000000014bb1d90 0000004000000000 

Instructions: (pc=0x000000005c06471f)
0x000000005c0646ff:   28 33 c0 eb 04 33 c0 8b c8 48 3b d1 74 38 4c 8b
0x000000005c06470f:   9c 24 b0 00 00 00 eb 12 4c 8b 9c 24 b0 00 00 00
0x000000005c06471f:   33 c0 48 8b bc 24 b8 00 00 00 48 8b 5c 24 58 8b
0x000000005c06472f:   8c 24 e0 00 00 00 ff c6 48 83 c5 08 41 3b 73 54 


Register to memory mapping:

RAX=0x0000000000000000 is an unknown value
RBX=0x0000000016f4a3e8 is an unknown value
RCX=0x0000000000000000 is an unknown value
RDX=0x00000000000000bf is an unknown value
RSP=0x000000001332c3a0 is pointing into the stack for thread: 0x0000000012c76800
RBP=0x0000000000000608 is an unknown value
RSI=0x00000000000000c1 is an unknown value
RDI=0x0000000000000000 is an unknown value
R8 =0x00000000000005f8 is an unknown value
R9 =0x0000000000000002 is an unknown value
R10=0x0000000000000200 is an unknown value
R11=0x000000001332c930 is pointing into the stack for thread: 0x0000000012c76800
R12=0x000000001fdc6c40 is an unknown value
R13=0x0000000000000002 is an unknown value
R14=0x000000001fdc6c80 is an unknown value
R15=0x0000000000000000 is an unknown value


Stack: [0x0000000013230000,0x0000000013330000],  sp=0x000000001332c3a0,  free space=1008k
Native frames: (J=compiled Java code, j=interpreted, Vv=VM code, C=native code)
V  [jvm.dll+0x50471f]
V  [jvm.dll+0x505765]
V  [jvm.dll+0x45fa33]
V  [jvm.dll+0x46a7cb]
V  [jvm.dll+0x46cde2]
V  [jvm.dll+0x4501a2]
V  [jvm.dll+0xa43a2]
V  [jvm.dll+0xa4cdf]
V  [jvm.dll+0x2418a4]
V  [jvm.dll+0x29846a]
C  [msvcr100.dll+0x21d9f]
C  [msvcr100.dll+0x21e3b]
C  [KERNEL32.DLL+0x17c24]
C  [ntdll.dll+0x6d4d1]


Current CompileTask:
C2:  25022 7019  s    4       java.lang.reflect.Field::declaredAnnotations (59 bytes)


---------------  P R O C E S S  ---------------

Java Threads: ( => current thread )
  0x000000001872a800 JavaThread "ForkJoinPool.commonPool-worker-7" daemon [_thread_blocked, id=3272, stack(0x0000000030800000,0x0000000030900000)]
  0x0000000018729800 JavaThread "ForkJoinPool.commonPool-worker-14" daemon [_thread_blocked, id=15132, stack(0x0000000030700000,0x0000000030800000)]
  0x000000001872c800 JavaThread "ForkJoinPool.commonPool-worker-5" daemon [_thread_blocked, id=6664, stack(0x0000000030500000,0x0000000030600000)]
  0x0000000018725000 JavaThread "ForkJoinPool.commonPool-worker-10" daemon [_thread_blocked, id=16448, stack(0x0000000030300000,0x0000000030400000)]
  0x0000000018728000 JavaThread "ForkJoinPool.commonPool-worker-3" daemon [_thread_blocked, id=19784, stack(0x0000000030200000,0x0000000030300000)]
  0x000000001bc09000 JavaThread "ForkJoinPool.commonPool-worker-1" daemon [_thread_blocked, id=17788, stack(0x0000000030100000,0x0000000030200000)]
  0x000000001bc07000 JavaThread "ForkJoinPool.commonPool-worker-8" daemon [_thread_blocked, id=14756, stack(0x0000000030000000,0x0000000030100000)]
  0x000000001bc06000 JavaThread "ForkJoinPool.commonPool-worker-15" daemon [_thread_blocked, id=22092, stack(0x000000002ff00000,0x0000000030000000)]
  0x000000001bc07800 JavaThread "ForkJoinPool.commonPool-worker-6" daemon [_thread_blocked, id=6692, stack(0x000000002fe00000,0x000000002ff00000)]
  0x000000001da94800 JavaThread "ForkJoinPool.commonPool-worker-13" daemon [_thread_blocked, id=17824, stack(0x000000002fd00000,0x000000002fe00000)]
  0x00000000170c5000 JavaThread "ForkJoinPool.commonPool-worker-11" daemon [_thread_blocked, id=16544, stack(0x000000002fb00000,0x000000002fc00000)]
  0x0000000017d7b000 JavaThread "ForkJoinPool.commonPool-worker-2" daemon [_thread_blocked, id=14604, stack(0x000000002fa00000,0x000000002fb00000)]
  0x00000000195d6000 JavaThread "ForkJoinPool.commonPool-worker-9" daemon [_thread_blocked, id=10496, stack(0x000000002f180000,0x000000002f280000)]
  0x0000000014341000 JavaThread "LWJGL Timer" daemon [_thread_blocked, id=11704, stack(0x000000002f300000,0x000000002f400000)]
  0x000000001e762800 JavaThread "Thread-3" [_thread_blocked, id=19288, stack(0x000000002dd50000,0x000000002de50000)]
  0x00000000230a4000 JavaThread "Java2D Disposer" daemon [_thread_blocked, id=11592, stack(0x000000001b860000,0x000000001b960000)]
  0x0000000023927800 JavaThread "Timer hack thread" daemon [_thread_blocked, id=15620, stack(0x0000000016280000,0x0000000016380000)]
  0x000000001cc85000 JavaThread "Snooper Timer" daemon [_thread_blocked, id=14480, stack(0x000000001b760000,0x000000001b860000)]
  0x0000000012cf3000 JavaThread "Service Thread" daemon [_thread_blocked, id=1404, stack(0x0000000013930000,0x0000000013a30000)]
  0x0000000012cdf000 JavaThread "C1 CompilerThread11" daemon [_thread_blocked, id=16848, stack(0x0000000013830000,0x0000000013930000)]
  0x0000000012cd3000 JavaThread "C1 CompilerThread10" daemon [_thread_blocked, id=20980, stack(0x0000000013730000,0x0000000013830000)]
  0x0000000012cba800 JavaThread "C1 CompilerThread9" daemon [_thread_blocked, id=2248, stack(0x0000000013630000,0x0000000013730000)]
  0x0000000012cb5000 JavaThread "C1 CompilerThread8" daemon [_thread_blocked, id=13328, stack(0x0000000013530000,0x0000000013630000)]
  0x0000000012ca1000 JavaThread "C2 CompilerThread7" daemon [_thread_in_native, id=20548, stack(0x0000000013430000,0x0000000013530000)]
  0x0000000012c9c000 JavaThread "C2 CompilerThread6" daemon [_thread_blocked, id=14332, stack(0x0000000013330000,0x0000000013430000)]
=>0x0000000012c76800 JavaThread "C2 CompilerThread5" daemon [_thread_in_native, id=3204, stack(0x0000000013230000,0x0000000013330000)]
  0x0000000012c54800 JavaThread "C2 CompilerThread4" daemon [_thread_blocked, id=18480, stack(0x0000000013130000,0x0000000013230000)]
  0x0000000012326000 JavaThread "C2 CompilerThread3" daemon [_thread_blocked, id=7400, stack(0x0000000013030000,0x0000000013130000)]
  0x0000000012315000 JavaThread "C2 CompilerThread2" daemon [_thread_blocked, id=22000, stack(0x0000000012b30000,0x0000000012c30000)]
  0x0000000012313800 JavaThread "C2 CompilerThread1" daemon [_thread_blocked, id=12396, stack(0x0000000012a30000,0x0000000012b30000)]
  0x000000001230d000 JavaThread "C2 CompilerThread0" daemon [_thread_blocked, id=11580, stack(0x0000000012930000,0x0000000012a30000)]
  0x000000001230b800 JavaThread "Attach Listener" daemon [_thread_blocked, id=11776, stack(0x0000000012830000,0x0000000012930000)]
  0x000000001230a800 JavaThread "Signal Dispatcher" daemon [_thread_blocked, id=10328, stack(0x0000000012730000,0x0000000012830000)]
  0x0000000012305800 JavaThread "Surrogate Locker Thread (Concurrent GC)" daemon [_thread_blocked, id=17832, stack(0x0000000012630000,0x0000000012730000)]
  0x00000000122c2800 JavaThread "Finalizer" daemon [_thread_blocked, id=20004, stack(0x0000000012530000,0x0000000012630000)]
  0x00000000122b9000 JavaThread "Reference Handler" daemon [_thread_blocked, id=21932, stack(0x0000000012430000,0x0000000012530000)]
  0x0000000003005800 JavaThread "Client thread" [_thread_in_Java, id=10056, stack(0x0000000002f00000,0x0000000003000000)]

Other Threads:
  0x00000000122b3800 VMThread [stack: 0x0000000012330000,0x0000000012430000] [id=15388]
  0x0000000012cf4000 WatcherThread [stack: 0x0000000013a30000,0x0000000013b30000] [id=3508]

VM state:not at safepoint (normal execution)

VM Mutex/Monitor currently owned by a thread: None

Heap:
 par new generation   total 230016K, used 82693K [0x00000005c0000000, 0x00000005cf990000, 0x00000005cf990000)
  eden space 204480K,  27% used [0x00000005c0000000, 0x00000005c37d1400, 0x00000005cc7b0000)
  from space 25536K, 100% used [0x00000005cc7b0000, 0x00000005ce0a0000, 0x00000005ce0a0000)
  to   space 25536K,   0% used [0x00000005ce0a0000, 0x00000005ce0a0000, 0x00000005cf990000)
 concurrent mark-sweep generation total 431380K, used 327372K [0x00000005cf990000, 0x00000005e9ed5000, 0x00000007c0000000)
 Metaspace       used 59408K, capacity 60157K, committed 60672K, reserved 1101824K
  class space    used 8426K, capacity 8647K, committed 8704K, reserved 1048576K

Card table byte_map: [0x0000000005400000,0x0000000006410000] byte_map_base: 0x0000000002600000

Marking Bits: (CMSBitMap*) 0x0000000003051eb8
 Bits: [0x00000000076e0000, 0x000000000f2f9c00)

Mod Union Table: (CMSBitMap*) 0x0000000003051f78
 Bits: [0x000000000f300000, 0x000000000f4f0670)

Polling page: 0x0000000002d00000

CodeCache: size=2097152Kb used=36728Kb max_used=36729Kb free=2060423Kb
 bounds [0x000000007fff0000, 0x00000000823f0000, 0x00000000ffff0000]
 total_blobs=7798 nmethods=7031 adapters=676
 compilation: enabled

Compilation events (10 events):
Event: 24.702 Thread 0x0000000012cd3000 7039       3       io.netty.util.internal.ObjectUtil::checkNotNull (15 bytes)
Event: 24.703 Thread 0x0000000012cd3000 nmethod 7039 0x00000000823dc810 code [0x00000000823dc980, 0x00000000823dcbb0]
Event: 24.713 Thread 0x0000000012cdf000 7040       3       com.google.common.cache.LocalCache::isExpired (57 bytes)
Event: 24.713 Thread 0x0000000012cb5000 7041       3       com.google.common.collect.MultitransformedIterator::<init> (23 bytes)
Event: 24.713 Thread 0x0000000012cba800 7042       3       com.google.common.collect.Iterators::emptyIterator (4 bytes)
Event: 24.713 Thread 0x0000000012cba800 nmethod 7042 0x00000000823dc450 code [0x00000000823dc5c0, 0x00000000823dc758]
Event: 24.713 Thread 0x0000000012cb5000 nmethod 7041 0x00000000823e2990 code [0x00000000823e2b20, 0x00000000823e2f30]
Event: 24.714 Thread 0x0000000012cdf000 nmethod 7040 0x00000000823e1e50 code [0x00000000823e2020, 0x00000000823e2750]
Event: 24.804 Thread 0x0000000012313800 7043       4       net.minecraft.client.gui.FontRenderer::func_181559_a (54 bytes)
Event: 24.822 Thread 0x0000000012313800 nmethod 7043 0x00000000823e4c90 code [0x00000000823e4fa0, 0x00000000823e5ef0]

GC Heap History (10 events):
Event: 22.660 GC heap before
{Heap before GC invocations=27 (full 11):
 par new generation   total 230016K, used 230016K [0x00000005c0000000, 0x00000005cf990000, 0x00000005cf990000)
  eden space 204480K, 100% used [0x00000005c0000000, 0x00000005cc7b0000, 0x00000005cc7b0000)
  from space 25536K, 100% used [0x00000005ce0a0000, 0x00000005cf990000, 0x00000005cf990000)
  to   space 25536K,   0% used [0x00000005cc7b0000, 0x00000005cc7b0000, 0x00000005ce0a0000)
 concurrent mark-sweep generation total 431380K, used 258827K [0x00000005cf990000, 0x00000005e9ed5000, 0x00000007c0000000)
 Metaspace       used 54409K, capacity 54977K, committed 55552K, reserved 1097728K
  class space    used 7471K, capacity 7675K, committed 7680K, reserved 1048576K
Event: 22.689 GC heap after
Heap after GC invocations=28 (full 11):
 par new generation   total 230016K, used 25536K [0x00000005c0000000, 0x00000005cf990000, 0x00000005cf990000)
  eden space 204480K,   0% used [0x00000005c0000000, 0x00000005c0000000, 0x00000005cc7b0000)
  from space 25536K, 100% used [0x00000005cc7b0000, 0x00000005ce0a0000, 0x00000005ce0a0000)
  to   space 25536K,   0% used [0x00000005ce0a0000, 0x00000005ce0a0000, 0x00000005cf990000)
 concurrent mark-sweep generation total 431380K, used 271233K [0x00000005cf990000, 0x00000005e9ed5000, 0x00000007c0000000)
 Metaspace       used 54409K, capacity 54977K, committed 55552K, reserved 1097728K
  class space    used 7471K, capacity 7675K, committed 7680K, reserved 1048576K
}
Event: 23.178 GC heap before
{Heap before GC invocations=28 (full 11):
 par new generation   total 230016K, used 230016K [0x00000005c0000000, 0x00000005cf990000, 0x00000005cf990000)
  eden space 204480K, 100% used [0x00000005c0000000, 0x00000005cc7b0000, 0x00000005cc7b0000)
  from space 25536K, 100% used [0x00000005cc7b0000, 0x00000005ce0a0000, 0x00000005ce0a0000)
  to   space 25536K,   0% used [0x00000005ce0a0000, 0x00000005ce0a0000, 0x00000005cf990000)
 concurrent mark-sweep generation total 431380K, used 271233K [0x00000005cf990000, 0x00000005e9ed5000, 0x00000007c0000000)
 Metaspace       used 55538K, capacity 56229K, committed 56704K, reserved 1097728K
  class space    used 7772K, capacity 7963K, committed 8064K, reserved 1048576K
Event: 23.202 GC heap after
Heap after GC invocations=29 (full 11):
 par new generation   total 230016K, used 25536K [0x00000005c0000000, 0x00000005cf990000, 0x00000005cf990000)
  eden space 204480K,   0% used [0x00000005c0000000, 0x00000005c0000000, 0x00000005cc7b0000)
  from space 25536K, 100% used [0x00000005ce0a0000, 0x00000005cf990000, 0x00000005cf990000)
  to   space 25536K,   0% used [0x00000005cc7b0000, 0x00000005cc7b0000, 0x00000005ce0a0000)
 concurrent mark-sweep generation total 431380K, used 284915K [0x00000005cf990000, 0x00000005e9ed5000, 0x00000007c0000000)
 Metaspace       used 55538K, capacity 56229K, committed 56704K, reserved 1097728K
  class space    used 7772K, capacity 7963K, committed 8064K, reserved 1048576K
}
Event: 23.796 GC heap before
{Heap before GC invocations=29 (full 11):
 par new generation   total 230016K, used 230016K [0x00000005c0000000, 0x00000005cf990000, 0x00000005cf990000)
  eden space 204480K, 100% used [0x00000005c0000000, 0x00000005cc7b0000, 0x00000005cc7b0000)
  from space 25536K, 100% used [0x00000005ce0a0000, 0x00000005cf990000, 0x00000005cf990000)
  to   space 25536K,   0% used [0x00000005cc7b0000, 0x00000005cc7b0000, 0x00000005ce0a0000)
 concurrent mark-sweep generation total 431380K, used 284915K [0x00000005cf990000, 0x00000005e9ed5000, 0x00000007c0000000)
 Metaspace       used 56944K, capacity 57629K, committed 58240K, reserved 1099776K
  class space    used 8031K, capacity 8235K, committed 8320K, reserved 1048576K
Event: 23.819 GC heap after
Heap after GC invocations=30 (full 11):
 par new generation   total 230016K, used 25536K [0x00000005c0000000, 0x00000005cf990000, 0x00000005cf990000)
  eden space 204480K,   0% used [0x00000005c0000000, 0x00000005c0000000, 0x00000005cc7b0000)
  from space 25536K, 100% used [0x00000005cc7b0000, 0x00000005ce0a0000, 0x00000005ce0a0000)
  to   space 25536K,   0% used [0x00000005ce0a0000, 0x00000005ce0a0000, 0x00000005cf990000)
 concurrent mark-sweep generation total 431380K, used 297139K [0x00000005cf990000, 0x00000005e9ed5000, 0x00000007c0000000)
 Metaspace       used 56944K, capacity 57629K, committed 58240K, reserved 1099776K
  class space    used 8031K, capacity 8235K, committed 8320K, reserved 1048576K
}
Event: 24.368 GC heap before
{Heap before GC invocations=30 (full 11):
 par new generation   total 230016K, used 230016K [0x00000005c0000000, 0x00000005cf990000, 0x00000005cf990000)
  eden space 204480K, 100% used [0x00000005c0000000, 0x00000005cc7b0000, 0x00000005cc7b0000)
  from space 25536K, 100% used [0x00000005cc7b0000, 0x00000005ce0a0000, 0x00000005ce0a0000)
  to   space 25536K,   0% used [0x00000005ce0a0000, 0x00000005ce0a0000, 0x00000005cf990000)
 concurrent mark-sweep generation total 431380K, used 297139K [0x00000005cf990000, 0x00000005e9ed5000, 0x00000007c0000000)
 Metaspace       used 58119K, capacity 58795K, committed 59392K, reserved 1099776K
  class space    used 8231K, capacity 8430K, committed 8448K, reserved 1048576K
Event: 24.394 GC heap after
Heap after GC invocations=31 (full 11):
 par new generation   total 230016K, used 25536K [0x00000005c0000000, 0x00000005cf990000, 0x00000005cf990000)
  eden space 204480K,   0% used [0x00000005c0000000, 0x00000005c0000000, 0x00000005cc7b0000)
  from space 25536K, 100% used [0x00000005ce0a0000, 0x00000005cf990000, 0x00000005cf990000)
  to   space 25536K,   0% used [0x00000005cc7b0000, 0x00000005cc7b0000, 0x00000005ce0a0000)
 concurrent mark-sweep generation total 431380K, used 310169K [0x00000005cf990000, 0x00000005e9ed5000, 0x00000007c0000000)
 Metaspace       used 58119K, capacity 58795K, committed 59392K, reserved 1099776K
  class space    used 8231K, capacity 8430K, committed 8448K, reserved 1048576K
}
Event: 24.895 GC heap before
{Heap before GC invocations=31 (full 11):
 par new generation   total 230016K, used 230016K [0x00000005c0000000, 0x00000005cf990000, 0x00000005cf990000)
  eden space 204480K, 100% used [0x00000005c0000000, 0x00000005cc7b0000, 0x00000005cc7b0000)
  from space 25536K, 100% used [0x00000005ce0a0000, 0x00000005cf990000, 0x00000005cf990000)
  to   space 25536K,   0% used [0x00000005cc7b0000, 0x00000005cc7b0000, 0x00000005ce0a0000)
 concurrent mark-sweep generation total 431380K, used 310169K [0x00000005cf990000, 0x00000005e9ed5000, 0x00000007c0000000)
 Metaspace       used 59044K, capacity 59753K, committed 60416K, reserved 1101824K
  class space    used 8378K, capacity 8603K, committed 8704K, reserved 1048576K
Event: 24.921 GC heap after
Heap after GC invocations=32 (full 11):
 par new generation   total 230016K, used 25536K [0x00000005c0000000, 0x00000005cf990000, 0x00000005cf990000)
  eden space 204480K,   0% used [0x00000005c0000000, 0x00000005c0000000, 0x00000005cc7b0000)
  from space 25536K, 100% used [0x00000005cc7b0000, 0x00000005ce0a0000, 0x00000005ce0a0000)
  to   space 25536K,   0% used [0x00000005ce0a0000, 0x00000005ce0a0000, 0x00000005cf990000)
 concurrent mark-sweep generation total 431380K, used 327372K [0x00000005cf990000, 0x00000005e9ed5000, 0x00000007c0000000)
 Metaspace       used 59044K, capacity 59753K, committed 60416K, reserved 1101824K
  class space    used 8378K, capacity 8603K, committed 8704K, reserved 1048576K
}

Deoptimization events (10 events):
Event: 19.800 Thread 0x0000000003005800 Uncommon trap: reason=bimorphic action=maybe_recompile pc=0x0000000081a570e8 method=org.objectweb.asm.tree.ClassNode.accept(Lorg/objectweb/asm/ClassVisitor;)V @ 152
Event: 19.935 Thread 0x0000000003005800 Uncommon trap: reason=class_check action=maybe_recompile pc=0x0000000081c5c2a0 method=org.objectweb.asm.ClassReader.b(Lorg/objectweb/asm/MethodVisitor;Lorg/objectweb/asm/Context;IZ)V @ 57
Event: 19.936 Thread 0x0000000003005800 Uncommon trap: reason=class_check action=maybe_recompile pc=0x0000000081c5c2a0 method=org.objectweb.asm.ClassReader.b(Lorg/objectweb/asm/MethodVisitor;Lorg/objectweb/asm/Context;IZ)V @ 57
Event: 20.817 Thread 0x0000000003005800 Uncommon trap: reason=bimorphic action=maybe_recompile pc=0x0000000081a570e8 method=org.objectweb.asm.tree.ClassNode.accept(Lorg/objectweb/asm/ClassVisitor;)V @ 152
Event: 21.960 Thread 0x0000000003005800 Uncommon trap: reason=unstable_if action=reinterpret pc=0x00000000808ec148 method=sun.net.www.ParseUtil.decode(Ljava/lang/String;)Ljava/lang/String; @ 15
Event: 21.961 Thread 0x0000000003005800 Uncommon trap: reason=unstable_if action=reinterpret pc=0x0000000080958c0c method=sun.net.www.ParseUtil.decode(Ljava/lang/String;)Ljava/lang/String; @ 15
Event: 21.961 Thread 0x0000000003005800 Uncommon trap: reason=unstable_if action=reinterpret pc=0x0000000080956c78 method=sun.net.www.ParseUtil.decode(Ljava/lang/String;)Ljava/lang/String; @ 15
Event: 23.603 Thread 0x0000000003005800 Uncommon trap: reason=unstable_if action=reinterpret pc=0x0000000082201528 method=java.lang.StringCoding.encode(Ljava/nio/charset/Charset;[CII)[B @ 24
Event: 23.744 Thread 0x0000000003005800 Uncommon trap: reason=class_check action=maybe_recompile pc=0x0000000081e38e1c method=com.google.common.collect.ImmutableSet.copyOf(Ljava/util/Collection;)Lcom/google/common/collect/ImmutableSet; @ 15
Event: 23.760 Thread 0x0000000003005800 Uncommon trap: reason=class_check action=maybe_recompile pc=0x0000000081e38e1c method=com.google.common.collect.ImmutableSet.copyOf(Ljava/util/Collection;)Lcom/google/common/collect/ImmutableSet; @ 15

Internal exceptions (10 events):
Event: 18.192 Thread 0x0000000003005800 Exception <a 'java/lang/NoSuchMethodError': java.lang.Object.lambda$thenComparing$36697e65$1(Ljava/util/Comparator;Ljava/lang/Object;Ljava/lang/Object;)I> (0x00000005c3dc1cd0) thrown at [C:\re\workspace\8-2-build-windows-amd64-cygwin\jdk8u51\3951\hotspot\s“5ìo∂C2@
Event: 18.265 Thread 0x000000001872b000 Implicit null exception at 0x0000000081a83184 to 0x0000000081a8839d
Event: 18.304 Thread 0x0000000003005800 Implicit null exception at 0x00000000807ed42b to 0x00000000807ed771
Event: 18.304 Thread 0x0000000003005800 Implicit null exception at 0x00000000807eb05e to 0x00000000807eb31d
Event: 18.309 Thread 0x000000001872b000 Implicit null exception at 0x000000008163166c to 0x00000000816317a5
Event: 18.309 Thread 0x000000001872b000 Implicit null exception at 0x000000008093e7b9 to 0x000000008093e935
Event: 18.612 Thread 0x000000001872b000 Exception <a 'java/security/PrivilegedActionException'> (0x00000005c1aaec68) thrown at [C:\re\workspace\8-2-build-windows-amd64-cygwin\jdk8u51\3951\hotspot\src\share\vm\prims\jvm.cpp, line 1382]
Event: 19.377 Thread 0x0000000003005800 Implicit null exception at 0x00000000815ddcab to 0x00000000815dde51
Event: 19.377 Thread 0x0000000003005800 Implicit null exception at 0x0000000081c830ac to 0x0000000081c84ec5
Event: 19.377 Thread 0x0000000003005800 Implicit null exception at 0x0000000081c6b7f9 to 0x0000000081c6eb05

Events (10 events):
Event: 24.958 loading class net/minecraftforge/client/model/obj/OBJModel$OBJBakedModel$1
Event: 24.958 loading class net/minecraftforge/client/model/obj/OBJModel$OBJBakedModel$1 done
Event: 24.960 loading class blusunrize/immersiveengineering/client/models/IESmartObjModel$1
Event: 24.960 loading class blusunrize/immersiveengineering/client/models/IESmartObjModel$1 done
Event: 24.965 loading class com/google/common/cache/Cache
Event: 24.965 loading class com/google/common/cache/Cache done
Event: 24.965 loading class com/google/common/cache/Cache
Event: 24.965 loading class com/google/common/cache/Cache done
Event: 24.965 loading class blusunrize/immersiveengineering/client/models/smart/ConnModelReal
Event: 24.965 loading class blusunrize/immersiveengineering/client/models/smart/ConnModelReal done


Dynamic libraries:
0x00007ff70d190000 - 0x00007ff70d1c7000 	C:\Users\Kel\Documents\Curse\Minecraft\Install\runtime\jre-x64\bin\javaw.exe
0x00007ffbf3320000 - 0x00007ffbf3510000 	C:\WINDOWS\SYSTEM32\ntdll.dll
0x00007ffbf1ac0000 - 0x00007ffbf1b72000 	C:\WINDOWS\System32\KERNEL32.DLL
0x00007ffbf1120000 - 0x00007ffbf13c5000 	C:\WINDOWS\System32\KERNELBASE.dll
0x00007ffbf2350000 - 0x00007ffbf23f3000 	C:\WINDOWS\System32\ADVAPI32.dll
0x00007ffbf2ce0000 - 0x00007ffbf2d7e000 	C:\WINDOWS\System32\msvcrt.dll
0x00007ffbf31c0000 - 0x00007ffbf3257000 	C:\WINDOWS\System32\sechost.dll
0x00007ffbf30a0000 - 0x00007ffbf31c0000 	C:\WINDOWS\System32\RPCRT4.dll
0x00007ffbf21b0000 - 0x00007ffbf2344000 	C:\WINDOWS\System32\USER32.dll
0x00007ffbf0e90000 - 0x00007ffbf0eb1000 	C:\WINDOWS\System32\win32u.dll
0x00007ffbf2cb0000 - 0x00007ffbf2cd6000 	C:\WINDOWS\System32\GDI32.dll
0x00007ffbf0480000 - 0x00007ffbf0616000 	C:\WINDOWS\System32\gdi32full.dll
0x00007ffbf0290000 - 0x00007ffbf032e000 	C:\WINDOWS\System32\msvcp_win.dll
0x00007ffbf0fd0000 - 0x00007ffbf10ca000 	C:\WINDOWS\System32\ucrtbase.dll
0x00007ffbef6b0000 - 0x00007ffbef934000 	C:\WINDOWS\WinSxS\amd64_microsoft.windows.common-controls_6595b64144ccf1df_6.0.18362.1256_none_9e7e379be45e40e2\COMCTL32.dll
0x00007ffbf1e70000 - 0x00007ffbf21a6000 	C:\WINDOWS\System32\combase.dll
0x00007ffbf0620000 - 0x00007ffbf06a1000 	C:\WINDOWS\System32\bcryptPrimitives.dll
0x00007ffbf29c0000 - 0x00007ffbf29ee000 	C:\WINDOWS\System32\IMM32.DLL
0x00007ffbf13d0000 - 0x00007ffbf1ab7000 	C:\WINDOWS\System32\SHELL32.dll
0x00007ffbf10d0000 - 0x00007ffbf111a000 	C:\WINDOWS\System32\cfgmgr32.dll
0x00007ffbf1b80000 - 0x00007ffbf1c29000 	C:\WINDOWS\System32\shcore.dll
0x00007ffbf06b0000 - 0x00007ffbf0e31000 	C:\WINDOWS\System32\windows.storage.dll
0x00007ffbf0240000 - 0x00007ffbf0263000 	C:\WINDOWS\System32\profapi.dll
0x00007ffbf01f0000 - 0x00007ffbf023a000 	C:\WINDOWS\System32\powrprof.dll
0x00007ffbf01c0000 - 0x00007ffbf01d0000 	C:\WINDOWS\System32\UMPDC.dll
0x00007ffbf1e10000 - 0x00007ffbf1e62000 	C:\WINDOWS\System32\shlwapi.dll
0x00007ffbf01d0000 - 0x00007ffbf01e1000 	C:\WINDOWS\System32\kernel.appcore.dll
0x00007ffbf0e70000 - 0x00007ffbf0e87000 	C:\WINDOWS\System32\cryptsp.dll
0x00007ffbefe90000 - 0x00007ffbefec1000 	C:\WINDOWS\SYSTEM32\ntmarta.dll
0x00007ffbf00a0000 - 0x00007ffbf00d7000 	C:\WINDOWS\SYSTEM32\SspiCli.dll
0x000000005c3f0000 - 0x000000005c4c2000 	C:\Users\Kel\Documents\Curse\Minecraft\Install\runtime\jre-x64\bin\msvcr100.dll
0x000000005bb60000 - 0x000000005c3e3000 	C:\Users\Kel\Documents\Curse\Minecraft\Install\runtime\jre-x64\bin\server\jvm.dll
0x00007ffbf1d90000 - 0x00007ffbf1d98000 	C:\WINDOWS\System32\PSAPI.DLL
0x00007ffbeadb0000 - 0x00007ffbeadb9000 	C:\WINDOWS\SYSTEM32\WSOCK32.dll
0x00007ffbf2a50000 - 0x00007ffbf2abf000 	C:\WINDOWS\System32\WS2_32.dll
0x00007ffbecda0000 - 0x00007ffbecdc4000 	C:\WINDOWS\SYSTEM32\WINMM.dll
0x00007ffbe93b0000 - 0x00007ffbe93ba000 	C:\WINDOWS\SYSTEM32\VERSION.dll
0x00007ffbecb90000 - 0x00007ffbecbbd000 	C:\WINDOWS\SYSTEM32\WINMMBASE.dll
0x000000005ecf0000 - 0x000000005ecff000 	C:\Users\Kel\Documents\Curse\Minecraft\Install\runtime\jre-x64\bin\verify.dll
0x000000005bb30000 - 0x000000005bb59000 	C:\Users\Kel\Documents\Curse\Minecraft\Install\runtime\jre-x64\bin\java.dll
0x000000005bb10000 - 0x000000005bb26000 	C:\Users\Kel\Documents\Curse\Minecraft\Install\runtime\jre-x64\bin\zip.dll
0x000000005bb00000 - 0x000000005bb0d000 	C:\Users\Kel\Documents\Curse\Minecraft\Install\runtime\jre-x64\bin\management.dll
0x000000005bae0000 - 0x000000005bafa000 	C:\Users\Kel\Documents\Curse\Minecraft\Install\runtime\jre-x64\bin\net.dll
0x00007ffbef4f0000 - 0x00007ffbef557000 	C:\WINDOWS\system32\mswsock.dll
0x00007ffbd0ec0000 - 0x00007ffbd0ed6000 	C:\WINDOWS\system32\napinsp.dll
0x00007ffbd0ea0000 - 0x00007ffbd0eba000 	C:\WINDOWS\system32\pnrpnsp.dll
0x00007ffbef0e0000 - 0x00007ffbef1ab000 	C:\WINDOWS\SYSTEM32\DNSAPI.dll
0x00007ffbf1da0000 - 0x00007ffbf1da8000 	C:\WINDOWS\System32\NSI.dll
0x00007ffbef0a0000 - 0x00007ffbef0da000 	C:\WINDOWS\SYSTEM32\IPHLPAPI.DLL
0x00007ffbd1060000 - 0x00007ffbd106e000 	C:\WINDOWS\System32\winrnr.dll
0x00007ffbebaa0000 - 0x00007ffbebabc000 	C:\WINDOWS\system32\NLAapi.dll
0x00007ffbcd5c0000 - 0x00007ffbcd5d5000 	C:\WINDOWS\system32\wshbth.dll
0x00007ffbe2e20000 - 0x00007ffbe2e2a000 	C:\Windows\System32\rasadhlp.dll
0x00007ffbe2ea0000 - 0x00007ffbe2f17000 	C:\WINDOWS\System32\fwpuclnt.dll
0x00007ffbf0e40000 - 0x00007ffbf0e66000 	C:\WINDOWS\System32\bcrypt.dll
0x000000005bac0000 - 0x000000005bad1000 	C:\Users\Kel\Documents\Curse\Minecraft\Install\runtime\jre-x64\bin\nio.dll
0x000000005baa0000 - 0x000000005bab7000 	C:\Users\Kel\Documents\Curse\Minecraft\Install\runtime\jre-x64\bin\unpack.dll
0x0000000180000000 - 0x0000000180053000 	C:\Users\Kel\Documents\Curse\Minecraft\Install\bin\5b63-127d-e2c8-2199\lwjgl64.dll
0x00007ffb9bd40000 - 0x00007ffb9be96000 	C:\WINDOWS\SYSTEM32\OPENGL32.dll
0x00007ffbc5ea0000 - 0x00007ffbc5ecc000 	C:\WINDOWS\SYSTEM32\GLU32.dll
0x00007ffbee120000 - 0x00007ffbee140000 	C:\WINDOWS\SYSTEM32\dxcore.dll
0x00007ffbeef00000 - 0x00007ffbeef33000 	C:\WINDOWS\system32\rsaenh.dll
0x00007ffbf00e0000 - 0x00007ffbf0105000 	C:\WINDOWS\SYSTEM32\USERENV.dll
0x00007ffbef5d0000 - 0x00007ffbef5dc000 	C:\WINDOWS\SYSTEM32\CRYPTBASE.dll
0x00007ffbe46f0000 - 0x00007ffbe4706000 	C:\WINDOWS\SYSTEM32\dhcpcsvc6.DLL
0x00007ffbe46d0000 - 0x00007ffbe46ec000 	C:\WINDOWS\SYSTEM32\dhcpcsvc.DLL
0x000000005b900000 - 0x000000005ba98000 	C:\Users\Kel\Documents\Curse\Minecraft\Install\runtime\jre-x64\bin\awt.dll
0x00007ffbf2470000 - 0x00007ffbf2535000 	C:\WINDOWS\System32\OLEAUT32.dll
0x00007ffbed420000 - 0x00007ffbed4af000 	C:\WINDOWS\SYSTEM32\apphelp.dll
0x00007ffbe98b0000 - 0x00007ffbe995e000 	C:\WINDOWS\SYSTEM32\mscms.dll
0x00007ffbe9890000 - 0x00007ffbe98a7000 	C:\WINDOWS\SYSTEM32\ColorAdapterClient.dll
0x00007ffbf2c00000 - 0x00007ffbf2ca2000 	C:\WINDOWS\System32\clbcatq.dll
0x00007ffbd4f80000 - 0x00007ffbd4f9a000 	C:\Windows\System32\Windows.Internal.Graphics.Display.DisplayColorManagement.dll
0x00007ffbed600000 - 0x00007ffbed699000 	C:\WINDOWS\system32\uxtheme.dll
0x00007ffbf2ac0000 - 0x00007ffbf2bf5000 	C:\WINDOWS\System32\MSCTF.dll
0x00007ffb8f1d0000 - 0x00007ffb91a18000 	C:\WINDOWS\System32\DriverStore\FileRepository\nv_dispi.inf_amd64_ba8c9c14f3d320cb\nvoglv64.dll
0x00007ffbf2540000 - 0x00007ffbf29b0000 	C:\WINDOWS\System32\SETUPAPI.dll
0x00007ffbf1c30000 - 0x00007ffbf1d87000 	C:\WINDOWS\System32\ole32.dll
0x00007ffbebd90000 - 0x00007ffbebda3000 	C:\WINDOWS\SYSTEM32\WTSAPI32.dll
0x00007ffbeffb0000 - 0x00007ffbeffda000 	C:\WINDOWS\SYSTEM32\DEVOBJ.dll
0x00007ffbf0f70000 - 0x00007ffbf0fcc000 	C:\WINDOWS\System32\WINTRUST.dll
0x00007ffbf0270000 - 0x00007ffbf0282000 	C:\WINDOWS\System32\MSASN1.dll
0x00007ffbf0330000 - 0x00007ffbf0479000 	C:\WINDOWS\System32\CRYPT32.dll
0x00007ffbb36c0000 - 0x00007ffbb396e000 	C:\WINDOWS\system32\nvspcap64.dll
0x00007ffbeda30000 - 0x00007ffbeda5d000 	C:\WINDOWS\SYSTEM32\dwmapi.dll
0x00007ffbcbeb0000 - 0x00007ffbcbef3000 	C:\WINDOWS\SYSTEM32\icm32.dll
0x00007ffbeebf0000 - 0x00007ffbeec46000 	C:\WINDOWS\SYSTEM32\WINSTA.dll
0x00007ffb9ff40000 - 0x00007ffb9ff82000 	C:\Users\Kel\AppData\Local\Temp\jna-75314\jna2229481839384476124.dll
0x00007ffb9fb50000 - 0x00007ffb9fbd9000 	C:\Program Files (x86)\Overwolf\0.162.0.7\OWExplorer.dll
0x000000005b8d0000 - 0x000000005b8f4000 	C:\Users\Kel\Documents\Curse\Minecraft\Install\runtime\jre-x64\bin\sunec.dll
0x00007ffbefc10000 - 0x00007ffbefe04000 	C:\WINDOWS\SYSTEM32\dbghelp.dll

VM Arguments:
jvm_args: -Dos.name=Windows 10 -Dos.version=10.0 -XX:HeapDumpPath=MojangTricksIntelDriversForPerformance_javaw.exe_minecraft.exe.heapdump -Djava.library.path=C:\Users\Kel\Documents\Curse\Minecraft\Install\bin\5b63-127d-e2c8-2199 -Dminecraft.launcher.brand=minecraft-launcher -Dminecraft.launcher.version=2.2.911 -Dminecraft.client.jar=C:\Users\Kel\Documents\Curse\Minecraft\Install\versions\1.12.2\1.12.2.jar -Xmx8192m -Xms256m -XX:PermSize=256m -Dminecraft.applet.TargetDirectory=C:\Users\Kel\Documents\Curse\Minecraft\Instances\Starstruck -Dfml.ignorePatchDiscrepancies=true -Dfml.ignoreInvalidMinecraftCertificates=true -Duser.language=en -Duser.country=US -XX:+DisableExplicitGC -XX:+UseConcMarkSweepGC -XX:+UseParNewGC -XX:+UseNUMA -XX:+CMSParallelRemarkEnabled -XX:MaxTenuringThreshold=15 -XX:MaxGCPauseMillis=30 -XX:GCPauseIntervalMillis=150 -XX:+UseAdaptiveGCBoundary -XX:-UseGCOverheadLimit -XX:+UseBiasedLocking -XX:SurvivorRatio=8 -XX:TargetSurvivorRatio=90 -XX:MaxTenuringThreshold=15 -Dfml.ignorePatchDiscrepancies=true -Dfml.ignoreInvalidMinecraftCertificates=true -XX:+UseFastAccessorMethods -XX:+UseCompressedOops -XX:+OptimizeStringConcat -XX:+AggressiveOpts -XX:ReservedCodeCacheSize=2048m -XX:+UseCodeCacheFlushing -XX:ParallelGCThreads=3 -Dlog4j.configurationFile=C:\Users\Kel\Documents\Curse\Minecraft\Install\assets\log_configs\client-1.12.xml 
java_command: net.minecraft.launchwrapper.Launch --username Kel --version forge-14.23.5.2847 --gameDir C:\Users\Kel\Documents\Curse\Minecraft\Instances\Starstruck --assetsDir C:\Users\Kel\Documents\Curse\Minecraft\Install\assets --assetIndex 1.12 --uuid 81479f94d1de4997af846b1a4b1077b1 --accessToken eyJhbGciOiJIUzI1NiJ9.eyJzdWIiOiJiNThiNDVmYmVhOGE0NjVlODk1NjZmZjdmMWJmMzc4MiIsInlnZ3QiOiI5Y2YxMDlkZDVlNzE0NzdhODA1MDFlZDlkY2E4Y2I1MSIsInNwciI6IjgxNDc5Zjk0ZDFkZTQ5OTdhZjg0NmIxYTRiMTA3N2IxIiwiaXNzIjoiWWdnZHJhc2lsLUF1dGgiLCJleHAiOjE2MTA0NTk1NDgsImlhdCI6MTYxMDI4Njc0OH0.TqCWgJcl3gFRoWyLn3Wt0ioFGMQZw65E970CMFhObFc --userType mojang --tweakClass net.minecraftforge.fml.common.launcher.FMLTweaker --versionType Forge --width 1024 --height 768
java_class_path (initial): C:\Users\Kel\Documents\Curse\Minecraft\Install\libraries\net\minecraftforge\forge\1.12.2-14.23.5.2847\forge-1.12.2-14.23.5.2847.jar;C:\Users\Kel\Documents\Curse\Minecraft\Install\libraries\net\minecraft\launchwrapper\1.12\launchwrapper-1.12.jar;C:\Users\Kel\Documents\Curse\Minecraft\Install\libraries\org\ow2\asm\asm-all\5.2\asm-all-5.2.jar;C:\Users\Kel\Documents\Curse\Minecraft\Install\libraries\org\jline\jline\3.5.1\jline-3.5.1.jar;C:\Users\Kel\Documents\Curse\Minecraft\Install\libraries\net\java\dev\jna\jna\4.4.0\jna-4.4.0.jar;C:\Users\Kel\Documents\Curse\Minecraft\Install\libraries\com\typesafe\akka\akka-actor_2.11\2.3.3\akka-actor_2.11-2.3.3.jar;C:\Users\Kel\Documents\Curse\Minecraft\Install\libraries\com\typesafe\config\1.2.1\config-1.2.1.jar;C:\Users\Kel\Documents\Curse\Minecraft\Install\libraries\org\scala-lang\scala-actors-migration_2.11\1.1.0\scala-actors-migration_2.11-1.1.0.jar;C:\Users\Kel\Documents\Curse\Minecraft\Install\libraries\org\scala-lang\scala-compiler\2.11.1\scala-compiler-2.11.1.jar;C:\Users\Kel\Documents\Curse\Minecraft\Install\libraries\org\scala-lang\plugins\scala-continuations-library_2.11\1.0.2\scala-continuations-library_2.11-1.0.2.jar;C:\Users\Kel\Documents\Curse\Minecraft\Install\libraries\org\scala-lang\plugins\scala-continuations-plugin_2.11.1\1.0.2\scala-continuations-plugin_2.11.1-1.0.2.jar;C:\Users\Kel\Documents\Curse\Minecraft\Install\libraries\org\scala-lang\scala-library\2.11.1\scala-library-2.11.1.jar;C:\Users\Kel\Documents\Curse\Minecraft\Install\libraries\org\scala-lang\scala-parser-combinators_2.11\1.0.1\scala-parser-combinators_2.11-1.0.1.jar;C:\Users\Kel\Documents\Curse\Minecraft\Install\libraries\org\scala-lang\scala-reflect\2.11.1\scala-reflect-2.11.1.jar;C:\Users\Kel\Documents\Curse\Minecraft\Install\libraries\org\scala-lang\scala-swing_2.11\1.0.1\scala-swing_2.11-1.0.1.jar;C:\Users\Kel\Documents\Curse\Minecraft\Install\libraries\org\scala-lang\scala-xml_2.11\1.0.2\scala-xml_2.11-1.0.2.jar
Launcher Type: SUN_STANDARD

Environment Variables:
PATH=C:\Program Files (x86)\Common Files\Oracle\Java\javapath;C:\Program Files\Microsoft MPI\Bin\;C:\ProgramData\Oracle\Java\javapath;C:\Windows\system32;C:\Windows;C:\Windows\System32\Wbem;C:\Windows\System32\WindowsPowerShell\v1.0\;C:\Program Files (x86)\NVIDIA Corporation\PhysX\Common;C:\WINDOWS\system32;C:\WINDOWS;C:\WINDOWS\System32\Wbem;C:\WINDOWS\System32\WindowsPowerShell\v1.0\;C:\WINDOWS\System32\OpenSSH\;C:\Program Files\dotnet\;C:\Program Files\Microsoft SQL Server\130\Tools\Binn\;C:\MinGW\bin;C:\Program Files (x86)\Wolfram Research\WolframScript\;C:\Program Files\PuTTY\;C:\Program Files\NVIDIA Corporation\NVIDIA NvDLISR;C:\Program Files\Git\cmd;C:\Users\Kel\AppData\Local\Programs\Python\Python37-32\Scripts\;C:\Users\Kel\AppData\Local\Programs\Python\Python37-32\;C:\Users\Kel\AppData\Local\Programs\Python\Python37\Scripts\;C:\Users\Kel\AppData\Local\Programs\Python\Python37\;C:\Users\Kel\AppData\Local\Microsoft\WindowsApps;C:\Users\Kel\AppData\Local\atom\bin;C:\Users\Kel\AppData\Local\Microsoft\WindowsApps;C:\Program Files (x86)\FAHClient;C:\Users\Kel\AppData\Local\Programs\Microsoft VS Code\bin;
USERNAME=Kel
OS=Windows_NT
PROCESSOR_IDENTIFIER=AMD64 Family 23 Model 1 Stepping 1, AuthenticAMD



---------------  S Y S T E M  ---------------

OS: Windows 10.0 , 64 bit Build 18362 (10.0.18362.1110)

CPU:total 16 (16 cores per cpu, 1 threads per core) family 23 model 1 stepping 1, cmov, cx8, fxsr, mmx, sse, sse2, sse3, ssse3, sse4.1, sse4.2, popcnt, avx, avx2, aes, clmul, mmxext, 3dnowpref, lzcnt, sse4a, tsc, tscinvbit, tscinv, bmi1

Memory: 4k page, physical 33505440k(24195672k free), swap 38486176k(27403108k free)

vm_info: Java HotSpot(TM) 64-Bit Server VM (25.51-b03) for windows-amd64 JRE (1.8.0_51-b16), built on Jun  8 2015 18:03:07 by "java_re" with MS VC++ 10.0 (VS2010)

time: Sun Jan 10 08:53:02 2021
elapsed time: 25 seconds (0d 0h 0m 25s)

